[0313/164044.800:ERROR:process_reader_win.cc(123)] NtOpenThread: {无法访问} 过程已请求访问一对象，但未给访问权限。 (0xc0000022)
[0313/164044.801:ERROR:exception_snapshot_win.cc(88)] thread ID 16128 not found in process
[0313/164044.801:WARNING:crash_report_exception_handler.cc(62)] ProcessSnapshotWin::Initialize failed
[0313/181653.800:ERROR:process_reader_win.cc(123)] NtOpenThread: {无法访问} 过程已请求访问一对象，但未给访问权限。 (0xc0000022)
[0313/181653.835:ERROR:exception_snapshot_win.cc(88)] thread ID 24876 not found in process
[0313/181653.835:WARNING:crash_report_exception_handler.cc(62)] ProcessSnapshotWin::Initialize failed
[0313/183315.045:ERROR:process_reader_win.cc(123)] NtOpenThread: {无法访问} 过程已请求访问一对象，但未给访问权限。 (0xc0000022)
[0313/183315.047:ERROR:exception_snapshot_win.cc(88)] thread ID 27152 not found in process
[0313/183315.047:WARNING:crash_report_exception_handler.cc(62)] ProcessSnapshotWin::Initialize failed
[0313/193405.382:ERROR:process_reader_win.cc(123)] NtOpenThread: {无法访问} 过程已请求访问一对象，但未给访问权限。 (0xc0000022)
[0313/193405.382:ERROR:exception_snapshot_win.cc(88)] thread ID 17688 not found in process
[0313/193405.382:WARNING:crash_report_exception_handler.cc(62)] ProcessSnapshotWin::Initialize failed
[0313/213305.583:ERROR:process_reader_win.cc(123)] NtOpenThread: {无法访问} 过程已请求访问一对象，但未给访问权限。 (0xc0000022)
[0313/213305.584:ERROR:exception_snapshot_win.cc(88)] thread ID 26472 not found in process
[0313/213305.584:WARNING:crash_report_exception_handler.cc(62)] ProcessSnapshotWin::Initialize failed
[0314/152619.342:ERROR:process_reader_win.cc(123)] NtOpenThread: {无法访问} 过程已请求访问一对象，但未给访问权限。 (0xc0000022)
[0314/152619.376:ERROR:exception_snapshot_win.cc(88)] thread ID 22748 not found in process
[0314/152619.376:WARNING:crash_report_exception_handler.cc(62)] ProcessSnapshotWin::Initialize failed
[0315/221221.142:ERROR:process_reader_win.cc(123)] NtOpenThread: {无法访问} 过程已请求访问一对象，但未给访问权限。 (0xc0000022)
[0315/221221.153:ERROR:exception_snapshot_win.cc(88)] thread ID 7660 not found in process
[0315/221221.153:WARNING:crash_report_exception_handler.cc(62)] ProcessSnapshotWin::Initialize failed
[0315/221221.368:ERROR:process_reader_win.cc(123)] NtOpenThread: {无法访问} 过程已请求访问一对象，但未给访问权限。 (0xc0000022)
[0315/221221.369:ERROR:exception_snapshot_win.cc(88)] thread ID 15408 not found in process
[0315/221221.369:WARNING:crash_report_exception_handler.cc(62)] ProcessSnapshotWin::Initialize failed
[0315/221221.609:ERROR:process_reader_win.cc(123)] NtOpenThread: {无法访问} 过程已请求访问一对象，但未给访问权限。 (0xc0000022)
[0315/221221.609:ERROR:exception_snapshot_win.cc(88)] thread ID 14924 not found in process
[0315/221221.609:WARNING:crash_report_exception_handler.cc(62)] ProcessSnapshotWin::Initialize failed
[0315/221221.817:ERROR:process_reader_win.cc(123)] NtOpenThread: {无法访问} 过程已请求访问一对象，但未给访问权限。 (0xc0000022)
[0315/221221.817:ERROR:exception_snapshot_win.cc(88)] thread ID 14388 not found in process
[0315/221221.817:WARNING:crash_report_exception_handler.cc(62)] ProcessSnapshotWin::Initialize failed
[0315/221222.027:ERROR:process_reader_win.cc(123)] NtOpenThread: {无法访问} 过程已请求访问一对象，但未给访问权限。 (0xc0000022)
[0315/221222.027:ERROR:exception_snapshot_win.cc(88)] thread ID 21536 not found in process
[0315/221222.027:WARNING:crash_report_exception_handler.cc(62)] ProcessSnapshotWin::Initialize failed
[0315/221222.280:ERROR:process_reader_win.cc(123)] NtOpenThread: {无法访问} 过程已请求访问一对象，但未给访问权限。 (0xc0000022)
[0315/221222.281:ERROR:exception_snapshot_win.cc(88)] thread ID 8608 not found in process
[0315/221222.281:WARNING:crash_report_exception_handler.cc(62)] ProcessSnapshotWin::Initialize failed
[0315/221222.511:ERROR:process_reader_win.cc(123)] NtOpenThread: {无法访问} 过程已请求访问一对象，但未给访问权限。 (0xc0000022)
[0315/221222.511:ERROR:exception_snapshot_win.cc(88)] thread ID 15628 not found in process
[0315/221222.511:WARNING:crash_report_exception_handler.cc(62)] ProcessSnapshotWin::Initialize failed
[0315/221222.865:ERROR:process_reader_win.cc(123)] NtOpenThread: {无法访问} 过程已请求访问一对象，但未给访问权限。 (0xc0000022)
[0315/221222.866:ERROR:exception_snapshot_win.cc(88)] thread ID 10876 not found in process
[0315/221222.866:WARNING:crash_report_exception_handler.cc(62)] ProcessSnapshotWin::Initialize failed
[0316/095738.700:ERROR:process_reader_win.cc(123)] NtOpenThread: {无法访问} 过程已请求访问一对象，但未给访问权限。 (0xc0000022)
[0316/095738.715:ERROR:exception_snapshot_win.cc(88)] thread ID 15256 not found in process
[0316/095738.715:WARNING:crash_report_exception_handler.cc(62)] ProcessSnapshotWin::Initialize failed
[0316/095738.942:ERROR:process_reader_win.cc(123)] NtOpenThread: {无法访问} 过程已请求访问一对象，但未给访问权限。 (0xc0000022)
[0316/095738.942:ERROR:exception_snapshot_win.cc(88)] thread ID 21612 not found in process
[0316/095738.942:WARNING:crash_report_exception_handler.cc(62)] ProcessSnapshotWin::Initialize failed
[0316/095739.166:ERROR:process_reader_win.cc(123)] NtOpenThread: {无法访问} 过程已请求访问一对象，但未给访问权限。 (0xc0000022)
[0316/095739.167:ERROR:exception_snapshot_win.cc(88)] thread ID 16928 not found in process
[0316/095739.167:WARNING:crash_report_exception_handler.cc(62)] ProcessSnapshotWin::Initialize failed
[0316/095739.389:ERROR:process_reader_win.cc(123)] NtOpenThread: {无法访问} 过程已请求访问一对象，但未给访问权限。 (0xc0000022)
[0316/095739.390:ERROR:exception_snapshot_win.cc(88)] thread ID 18052 not found in process
[0316/095739.390:WARNING:crash_report_exception_handler.cc(62)] ProcessSnapshotWin::Initialize failed
[0316/095739.609:ERROR:process_reader_win.cc(123)] NtOpenThread: {无法访问} 过程已请求访问一对象，但未给访问权限。 (0xc0000022)
[0316/095739.610:ERROR:exception_snapshot_win.cc(88)] thread ID 14068 not found in process
[0316/095739.610:WARNING:crash_report_exception_handler.cc(62)] ProcessSnapshotWin::Initialize failed
[0316/095739.818:ERROR:process_reader_win.cc(123)] NtOpenThread: {无法访问} 过程已请求访问一对象，但未给访问权限。 (0xc0000022)
[0316/095739.819:ERROR:exception_snapshot_win.cc(88)] thread ID 14416 not found in process
[0316/095739.819:WARNING:crash_report_exception_handler.cc(62)] ProcessSnapshotWin::Initialize failed
[0316/095740.038:ERROR:process_reader_win.cc(123)] NtOpenThread: {无法访问} 过程已请求访问一对象，但未给访问权限。 (0xc0000022)
[0316/095740.039:ERROR:exception_snapshot_win.cc(88)] thread ID 13372 not found in process
[0316/095740.039:WARNING:crash_report_exception_handler.cc(62)] ProcessSnapshotWin::Initialize failed
[0316/095740.282:ERROR:process_reader_win.cc(123)] NtOpenThread: {无法访问} 过程已请求访问一对象，但未给访问权限。 (0xc0000022)
[0316/095740.283:ERROR:exception_snapshot_win.cc(88)] thread ID 22376 not found in process
[0316/095740.283:WARNING:crash_report_exception_handler.cc(62)] ProcessSnapshotWin::Initialize failed
[0316/112231.973:ERROR:process_reader_win.cc(123)] NtOpenThread: {无法访问} 过程已请求访问一对象，但未给访问权限。 (0xc0000022)
[0316/112231.974:ERROR:exception_snapshot_win.cc(88)] thread ID 20976 not found in process
[0316/112231.974:WARNING:crash_report_exception_handler.cc(62)] ProcessSnapshotWin::Initialize failed
[0316/112232.219:ERROR:process_reader_win.cc(123)] NtOpenThread: {无法访问} 过程已请求访问一对象，但未给访问权限。 (0xc0000022)
[0316/112232.219:ERROR:exception_snapshot_win.cc(88)] thread ID 22224 not found in process
[0316/112232.219:WARNING:crash_report_exception_handler.cc(62)] ProcessSnapshotWin::Initialize failed
[0316/112232.432:ERROR:process_reader_win.cc(123)] NtOpenThread: {无法访问} 过程已请求访问一对象，但未给访问权限。 (0xc0000022)
[0316/112232.432:ERROR:exception_snapshot_win.cc(88)] thread ID 15520 not found in process
[0316/112232.432:WARNING:crash_report_exception_handler.cc(62)] ProcessSnapshotWin::Initialize failed
[0316/112232.655:ERROR:process_reader_win.cc(123)] NtOpenThread: {无法访问} 过程已请求访问一对象，但未给访问权限。 (0xc0000022)
[0316/112232.656:ERROR:exception_snapshot_win.cc(88)] thread ID 22880 not found in process
[0316/112232.656:WARNING:crash_report_exception_handler.cc(62)] ProcessSnapshotWin::Initialize failed
[0316/112232.935:ERROR:process_reader_win.cc(123)] NtOpenThread: {无法访问} 过程已请求访问一对象，但未给访问权限。 (0xc0000022)
[0316/112232.936:ERROR:exception_snapshot_win.cc(88)] thread ID 22456 not found in process
[0316/112232.936:WARNING:crash_report_exception_handler.cc(62)] ProcessSnapshotWin::Initialize failed
[0316/173714.447:ERROR:process_reader_win.cc(123)] NtOpenThread: {无法访问} 过程已请求访问一对象，但未给访问权限。 (0xc0000022)
[0316/173714.459:ERROR:exception_snapshot_win.cc(88)] thread ID 2152 not found in process
[0316/173714.459:WARNING:crash_report_exception_handler.cc(62)] ProcessSnapshotWin::Initialize failed
[0316/173716.947:ERROR:process_reader_win.cc(123)] NtOpenThread: {无法访问} 过程已请求访问一对象，但未给访问权限。 (0xc0000022)
[0316/173716.970:ERROR:exception_snapshot_win.cc(88)] thread ID 312 not found in process
[0316/173716.970:WARNING:crash_report_exception_handler.cc(62)] ProcessSnapshotWin::Initialize failed
[0316/173719.353:ERROR:process_reader_win.cc(123)] NtOpenThread: {无法访问} 过程已请求访问一对象，但未给访问权限。 (0xc0000022)
[0316/173719.354:ERROR:exception_snapshot_win.cc(88)] thread ID 16472 not found in process
[0316/173719.354:WARNING:crash_report_exception_handler.cc(62)] ProcessSnapshotWin::Initialize failed
[0316/173721.536:ERROR:process_reader_win.cc(123)] NtOpenThread: {无法访问} 过程已请求访问一对象，但未给访问权限。 (0xc0000022)
[0316/173721.536:ERROR:exception_snapshot_win.cc(88)] thread ID 25960 not found in process
[0316/173721.536:WARNING:crash_report_exception_handler.cc(62)] ProcessSnapshotWin::Initialize failed
[0316/173724.091:ERROR:process_reader_win.cc(123)] NtOpenThread: {无法访问} 过程已请求访问一对象，但未给访问权限。 (0xc0000022)
[0316/173724.092:ERROR:exception_snapshot_win.cc(88)] thread ID 17632 not found in process
[0316/173724.092:WARNING:crash_report_exception_handler.cc(62)] ProcessSnapshotWin::Initialize failed
[0316/173726.231:ERROR:process_reader_win.cc(123)] NtOpenThread: {无法访问} 过程已请求访问一对象，但未给访问权限。 (0xc0000022)
[0316/173726.231:ERROR:exception_snapshot_win.cc(88)] thread ID 27504 not found in process
[0316/173726.231:WARNING:crash_report_exception_handler.cc(62)] ProcessSnapshotWin::Initialize failed
[0316/173728.137:ERROR:process_reader_win.cc(123)] NtOpenThread: {无法访问} 过程已请求访问一对象，但未给访问权限。 (0xc0000022)
[0316/173728.137:ERROR:exception_snapshot_win.cc(88)] thread ID 23244 not found in process
[0316/173728.137:WARNING:crash_report_exception_handler.cc(62)] ProcessSnapshotWin::Initialize failed
[0316/173730.234:ERROR:process_reader_win.cc(123)] NtOpenThread: {无法访问} 过程已请求访问一对象，但未给访问权限。 (0xc0000022)
[0316/173730.234:ERROR:exception_snapshot_win.cc(88)] thread ID 17572 not found in process
[0316/173730.234:WARNING:crash_report_exception_handler.cc(62)] ProcessSnapshotWin::Initialize failed
[0316/173731.958:ERROR:process_reader_win.cc(123)] NtOpenThread: {无法访问} 过程已请求访问一对象，但未给访问权限。 (0xc0000022)
[0316/173731.959:ERROR:exception_snapshot_win.cc(88)] thread ID 5136 not found in process
[0316/173731.959:WARNING:crash_report_exception_handler.cc(62)] ProcessSnapshotWin::Initialize failed
[0316/192811.848:ERROR:process_reader_win.cc(123)] NtOpenThread: {无法访问} 过程已请求访问一对象，但未给访问权限。 (0xc0000022)
[0316/192811.848:ERROR:exception_snapshot_win.cc(88)] thread ID 5228 not found in process
[0316/192811.848:WARNING:crash_report_exception_handler.cc(62)] ProcessSnapshotWin::Initialize failed
[0316/192814.475:ERROR:process_reader_win.cc(123)] NtOpenThread: {无法访问} 过程已请求访问一对象，但未给访问权限。 (0xc0000022)
[0316/192814.475:ERROR:exception_snapshot_win.cc(88)] thread ID 8116 not found in process
[0316/192814.475:WARNING:crash_report_exception_handler.cc(62)] ProcessSnapshotWin::Initialize failed
[0316/192816.606:ERROR:process_reader_win.cc(123)] NtOpenThread: {无法访问} 过程已请求访问一对象，但未给访问权限。 (0xc0000022)
[0316/192816.607:ERROR:exception_snapshot_win.cc(88)] thread ID 10332 not found in process
[0316/192816.607:WARNING:crash_report_exception_handler.cc(62)] ProcessSnapshotWin::Initialize failed
[0316/192818.388:ERROR:process_reader_win.cc(123)] NtOpenThread: {无法访问} 过程已请求访问一对象，但未给访问权限。 (0xc0000022)
[0316/192818.389:ERROR:exception_snapshot_win.cc(88)] thread ID 26900 not found in process
[0316/192818.389:WARNING:crash_report_exception_handler.cc(62)] ProcessSnapshotWin::Initialize failed
[0316/192820.329:ERROR:process_reader_win.cc(123)] NtOpenThread: {无法访问} 过程已请求访问一对象，但未给访问权限。 (0xc0000022)
[0316/192820.330:ERROR:exception_snapshot_win.cc(88)] thread ID 25584 not found in process
[0316/192820.330:WARNING:crash_report_exception_handler.cc(62)] ProcessSnapshotWin::Initialize failed
[0316/192822.274:ERROR:process_reader_win.cc(123)] NtOpenThread: {无法访问} 过程已请求访问一对象，但未给访问权限。 (0xc0000022)
[0316/192822.274:ERROR:exception_snapshot_win.cc(88)] thread ID 10148 not found in process
[0316/192822.274:WARNING:crash_report_exception_handler.cc(62)] ProcessSnapshotWin::Initialize failed
[0316/192824.318:ERROR:process_reader_win.cc(123)] NtOpenThread: {无法访问} 过程已请求访问一对象，但未给访问权限。 (0xc0000022)
[0316/192824.339:ERROR:exception_snapshot_win.cc(88)] thread ID 22424 not found in process
[0316/192824.339:WARNING:crash_report_exception_handler.cc(62)] ProcessSnapshotWin::Initialize failed
[0316/192826.114:ERROR:process_reader_win.cc(123)] NtOpenThread: {无法访问} 过程已请求访问一对象，但未给访问权限。 (0xc0000022)
[0316/192826.115:ERROR:exception_snapshot_win.cc(88)] thread ID 27964 not found in process
[0316/192826.115:WARNING:crash_report_exception_handler.cc(62)] ProcessSnapshotWin::Initialize failed
[0319/091537.239:ERROR:process_reader_win.cc(123)] NtOpenThread: {无法访问} 过程已请求访问一对象，但未给访问权限。 (0xc0000022)
[0319/091540.061:ERROR:exception_snapshot_win.cc(88)] thread ID 43376 not found in process
[0319/091540.061:WARNING:crash_report_exception_handler.cc(62)] ProcessSnapshotWin::Initialize failed
[0319/091540.061:ERROR:scoped_process_suspend.cc(40)] NtResumeProcess: 已尝试访问正在退出的过程。 (0xc000010a)
[0319/091541.172:ERROR:process_reader_win.cc(123)] NtOpenThread: {无法访问} 过程已请求访问一对象，但未给访问权限。 (0xc0000022)
[0319/091543.754:ERROR:exception_snapshot_win.cc(88)] thread ID 37132 not found in process
[0319/091543.754:WARNING:crash_report_exception_handler.cc(62)] ProcessSnapshotWin::Initialize failed
[0319/091543.754:ERROR:scoped_process_suspend.cc(40)] NtResumeProcess: 已尝试访问正在退出的过程。 (0xc000010a)
[0319/091544.268:ERROR:scoped_process_suspend.cc(31)] NtSuspendProcess: 已尝试访问正在退出的过程。 (0xc000010a)
[0319/091545.387:ERROR:process_reader_win.cc(123)] NtOpenThread: {无法访问} 过程已请求访问一对象，但未给访问权限。 (0xc0000022)
[0319/091545.387:ERROR:exception_snapshot_win.cc(88)] thread ID 35128 not found in process
[0319/091545.387:WARNING:crash_report_exception_handler.cc(62)] ProcessSnapshotWin::Initialize failed
[0319/091545.354:ERROR:scoped_process_suspend.cc(31)] NtSuspendProcess: 已尝试访问正在退出的过程。 (0xc000010a)
[0319/091546.113:ERROR:process_reader_win.cc(123)] NtOpenThread: {无法访问} 过程已请求访问一对象，但未给访问权限。 (0xc0000022)
[0319/091546.113:ERROR:exception_snapshot_win.cc(88)] thread ID 29636 not found in process
[0319/091546.114:WARNING:crash_report_exception_handler.cc(62)] ProcessSnapshotWin::Initialize failed
[0319/091547.928:ERROR:process_reader_win.cc(123)] NtOpenThread: {无法访问} 过程已请求访问一对象，但未给访问权限。 (0xc0000022)
[0319/091547.970:ERROR:exception_snapshot_win.cc(88)] thread ID 41804 not found in process
[0319/091547.970:WARNING:crash_report_exception_handler.cc(62)] ProcessSnapshotWin::Initialize failed
[0319/091548.478:ERROR:process_reader_win.cc(123)] NtOpenThread: {无法访问} 过程已请求访问一对象，但未给访问权限。 (0xc0000022)
[0319/091548.577:ERROR:exception_snapshot_win.cc(88)] thread ID 41012 not found in process
[0319/091548.577:WARNING:crash_report_exception_handler.cc(62)] ProcessSnapshotWin::Initialize failed
[0319/091553.087:ERROR:scoped_process_suspend.cc(31)] NtSuspendProcess: 已尝试访问正在退出的过程。 (0xc000010a)
[0319/091553.339:ERROR:process_reader_win.cc(123)] NtOpenThread: {无法访问} 过程已请求访问一对象，但未给访问权限。 (0xc0000022)
[0319/091553.339:ERROR:exception_snapshot_win.cc(88)] thread ID 41208 not found in process
[0319/091553.339:WARNING:crash_report_exception_handler.cc(62)] ProcessSnapshotWin::Initialize failed
[0319/091557.456:ERROR:scoped_process_suspend.cc(31)] NtSuspendProcess: 已尝试访问正在退出的过程。 (0xc000010a)
[0319/091557.928:ERROR:process_reader_win.cc(123)] NtOpenThread: {无法访问} 过程已请求访问一对象，但未给访问权限。 (0xc0000022)
[0319/091557.928:ERROR:exception_snapshot_win.cc(88)] thread ID 37048 not found in process
[0319/091557.928:WARNING:crash_report_exception_handler.cc(62)] ProcessSnapshotWin::Initialize failed
[0319/091559.113:ERROR:scoped_process_suspend.cc(31)] NtSuspendProcess: 已尝试访问正在退出的过程。 (0xc000010a)
[0319/091559.657:ERROR:process_reader_win.cc(123)] NtOpenThread: {无法访问} 过程已请求访问一对象，但未给访问权限。 (0xc0000022)
[0319/091559.657:ERROR:exception_snapshot_win.cc(88)] thread ID 35480 not found in process
[0319/091559.657:WARNING:crash_report_exception_handler.cc(62)] ProcessSnapshotWin::Initialize failed
[0319/091559.772:ERROR:scoped_process_suspend.cc(31)] NtSuspendProcess: 已尝试访问正在退出的过程。 (0xc000010a)
[0319/091600.153:ERROR:scoped_process_suspend.cc(31)] NtSuspendProcess: 已尝试访问正在退出的过程。 (0xc000010a)
[0319/091600.213:ERROR:process_reader_win.cc(123)] NtOpenThread: {无法访问} 过程已请求访问一对象，但未给访问权限。 (0xc0000022)
[0319/091600.213:ERROR:exception_snapshot_win.cc(88)] thread ID 43572 not found in process
[0319/091600.213:WARNING:crash_report_exception_handler.cc(62)] ProcessSnapshotWin::Initialize failed
[0319/091600.410:ERROR:process_reader_win.cc(123)] NtOpenThread: {无法访问} 过程已请求访问一对象，但未给访问权限。 (0xc0000022)
[0319/091600.410:ERROR:exception_snapshot_win.cc(88)] thread ID 43536 not found in process
[0319/091600.410:WARNING:crash_report_exception_handler.cc(62)] ProcessSnapshotWin::Initialize failed
[0319/091604.697:ERROR:scoped_process_suspend.cc(31)] NtSuspendProcess: 已尝试访问正在退出的过程。 (0xc000010a)
[0319/091605.199:ERROR:process_reader_win.cc(123)] NtOpenThread: {无法访问} 过程已请求访问一对象，但未给访问权限。 (0xc0000022)
[0319/091605.200:ERROR:exception_snapshot_win.cc(88)] thread ID 34652 not found in process
[0319/091605.200:WARNING:crash_report_exception_handler.cc(62)] ProcessSnapshotWin::Initialize failed
[0319/091605.747:ERROR:scoped_process_suspend.cc(31)] NtSuspendProcess: 已尝试访问正在退出的过程。 (0xc000010a)
[0319/091606.132:ERROR:process_reader_win.cc(123)] NtOpenThread: {无法访问} 过程已请求访问一对象，但未给访问权限。 (0xc0000022)
[0319/091606.132:ERROR:exception_snapshot_win.cc(88)] thread ID 15980 not found in process
[0319/091606.132:WARNING:crash_report_exception_handler.cc(62)] ProcessSnapshotWin::Initialize failed
[0319/091609.278:ERROR:scoped_process_suspend.cc(31)] NtSuspendProcess: 已尝试访问正在退出的过程。 (0xc000010a)
[0319/091609.701:ERROR:process_reader_win.cc(123)] NtOpenThread: {无法访问} 过程已请求访问一对象，但未给访问权限。 (0xc0000022)
[0319/091609.701:ERROR:exception_snapshot_win.cc(88)] thread ID 40016 not found in process
[0319/091609.701:WARNING:crash_report_exception_handler.cc(62)] ProcessSnapshotWin::Initialize failed
[0319/091611.520:ERROR:process_reader_win.cc(151)] SuspendThread: 拒绝访问。 (0x5)
[0319/091611.688:ERROR:exception_snapshot_win.cc(88)] thread ID 13584 not found in process
[0319/091611.688:WARNING:crash_report_exception_handler.cc(62)] ProcessSnapshotWin::Initialize failed
[0319/091611.688:ERROR:scoped_process_suspend.cc(40)] NtResumeProcess: 已尝试访问正在退出的过程。 (0xc000010a)
[0319/091612.655:ERROR:scoped_process_suspend.cc(31)] NtSuspendProcess: 已尝试访问正在退出的过程。 (0xc000010a)
[0319/091613.123:ERROR:process_reader_win.cc(123)] NtOpenThread: {无法访问} 过程已请求访问一对象，但未给访问权限。 (0xc0000022)
[0319/091613.124:ERROR:exception_snapshot_win.cc(88)] thread ID 20704 not found in process
[0319/091613.124:WARNING:crash_report_exception_handler.cc(62)] ProcessSnapshotWin::Initialize failed
[0319/091615.369:ERROR:scoped_process_suspend.cc(31)] NtSuspendProcess: 已尝试访问正在退出的过程。 (0xc000010a)
[0319/091615.957:ERROR:process_reader_win.cc(123)] NtOpenThread: {无法访问} 过程已请求访问一对象，但未给访问权限。 (0xc0000022)
[0319/091615.957:ERROR:exception_snapshot_win.cc(88)] thread ID 35628 not found in process
[0319/091615.957:WARNING:crash_report_exception_handler.cc(62)] ProcessSnapshotWin::Initialize failed
[0319/091615.821:ERROR:scoped_process_suspend.cc(31)] NtSuspendProcess: 已尝试访问正在退出的过程。 (0xc000010a)
[0319/091617.085:ERROR:process_reader_win.cc(123)] NtOpenThread: {无法访问} 过程已请求访问一对象，但未给访问权限。 (0xc0000022)
[0319/091617.085:ERROR:exception_snapshot_win.cc(88)] thread ID 27652 not found in process
[0319/091617.085:WARNING:crash_report_exception_handler.cc(62)] ProcessSnapshotWin::Initialize failed
[0319/091620.459:ERROR:scoped_process_suspend.cc(31)] NtSuspendProcess: 已尝试访问正在退出的过程。 (0xc000010a)
[0319/091621.156:ERROR:process_reader_win.cc(123)] NtOpenThread: {无法访问} 过程已请求访问一对象，但未给访问权限。 (0xc0000022)
[0319/091621.156:ERROR:exception_snapshot_win.cc(88)] thread ID 18484 not found in process
[0319/091621.156:WARNING:crash_report_exception_handler.cc(62)] ProcessSnapshotWin::Initialize failed
[0319/091622.288:ERROR:scoped_process_suspend.cc(31)] NtSuspendProcess: 已尝试访问正在退出的过程。 (0xc000010a)
[0319/091622.594:ERROR:process_reader_win.cc(123)] NtOpenThread: {无法访问} 过程已请求访问一对象，但未给访问权限。 (0xc0000022)
[0319/091622.594:ERROR:exception_snapshot_win.cc(88)] thread ID 43576 not found in process
[0319/091622.594:WARNING:crash_report_exception_handler.cc(62)] ProcessSnapshotWin::Initialize failed
[0319/091622.736:ERROR:scoped_process_suspend.cc(31)] NtSuspendProcess: 已尝试访问正在退出的过程。 (0xc000010a)
[0319/091623.512:ERROR:process_reader_win.cc(123)] NtOpenThread: {无法访问} 过程已请求访问一对象，但未给访问权限。 (0xc0000022)
[0319/091623.512:ERROR:exception_snapshot_win.cc(88)] thread ID 39704 not found in process
[0319/091623.512:WARNING:crash_report_exception_handler.cc(62)] ProcessSnapshotWin::Initialize failed
[0319/091627.000:ERROR:scoped_process_suspend.cc(31)] NtSuspendProcess: 已尝试访问正在退出的过程。 (0xc000010a)
[0319/091627.201:ERROR:process_reader_win.cc(123)] NtOpenThread: {无法访问} 过程已请求访问一对象，但未给访问权限。 (0xc0000022)
[0319/091627.201:ERROR:exception_snapshot_win.cc(88)] thread ID 39628 not found in process
[0319/091627.201:WARNING:crash_report_exception_handler.cc(62)] ProcessSnapshotWin::Initialize failed
[0319/091630.282:ERROR:scoped_process_suspend.cc(31)] NtSuspendProcess: 已尝试访问正在退出的过程。 (0xc000010a)
[0319/091630.903:ERROR:process_reader_win.cc(123)] NtOpenThread: {无法访问} 过程已请求访问一对象，但未给访问权限。 (0xc0000022)
[0319/091630.903:ERROR:exception_snapshot_win.cc(88)] thread ID 41716 not found in process
[0319/091630.903:WARNING:crash_report_exception_handler.cc(62)] ProcessSnapshotWin::Initialize failed
[0319/091631.160:ERROR:scoped_process_suspend.cc(31)] NtSuspendProcess: 已尝试访问正在退出的过程。 (0xc000010a)
[0319/091631.566:ERROR:process_reader_win.cc(123)] NtOpenThread: {无法访问} 过程已请求访问一对象，但未给访问权限。 (0xc0000022)
[0319/091631.566:ERROR:exception_snapshot_win.cc(88)] thread ID 37764 not found in process
[0319/091631.566:WARNING:crash_report_exception_handler.cc(62)] ProcessSnapshotWin::Initialize failed
[0319/091634.169:ERROR:scoped_process_suspend.cc(31)] NtSuspendProcess: 已尝试访问正在退出的过程。 (0xc000010a)
[0319/091634.474:ERROR:process_reader_win.cc(123)] NtOpenThread: {无法访问} 过程已请求访问一对象，但未给访问权限。 (0xc0000022)
[0319/091634.474:ERROR:exception_snapshot_win.cc(88)] thread ID 38004 not found in process
[0319/091634.474:WARNING:crash_report_exception_handler.cc(62)] ProcessSnapshotWin::Initialize failed
[0319/091636.608:ERROR:scoped_process_suspend.cc(31)] NtSuspendProcess: 已尝试访问正在退出的过程。 (0xc000010a)
[0319/091636.902:ERROR:process_reader_win.cc(123)] NtOpenThread: {无法访问} 过程已请求访问一对象，但未给访问权限。 (0xc0000022)
[0319/091636.902:ERROR:exception_snapshot_win.cc(88)] thread ID 10440 not found in process
[0319/091636.902:WARNING:crash_report_exception_handler.cc(62)] ProcessSnapshotWin::Initialize failed
[0319/091638.747:ERROR:scoped_process_suspend.cc(31)] NtSuspendProcess: 已尝试访问正在退出的过程。 (0xc000010a)
[0319/091639.158:ERROR:process_reader_win.cc(123)] NtOpenThread: {无法访问} 过程已请求访问一对象，但未给访问权限。 (0xc0000022)
[0319/091639.158:ERROR:exception_snapshot_win.cc(88)] thread ID 16296 not found in process
[0319/091639.158:WARNING:crash_report_exception_handler.cc(62)] ProcessSnapshotWin::Initialize failed
[0319/091647.912:ERROR:scoped_process_suspend.cc(31)] NtSuspendProcess: 已尝试访问正在退出的过程。 (0xc000010a)
[0319/091648.305:ERROR:scoped_process_suspend.cc(31)] NtSuspendProcess: 已尝试访问正在退出的过程。 (0xc000010a)
[0319/091648.521:ERROR:process_reader_win.cc(123)] NtOpenThread: {无法访问} 过程已请求访问一对象，但未给访问权限。 (0xc0000022)
[0319/091648.521:ERROR:process_reader_win.cc(123)] NtOpenThread: {无法访问} 过程已请求访问一对象，但未给访问权限。 (0xc0000022)
[0319/091648.521:ERROR:exception_snapshot_win.cc(88)] thread ID 26488 not found in process
[0319/091648.521:WARNING:crash_report_exception_handler.cc(62)] ProcessSnapshotWin::Initialize failed
[0319/091648.521:ERROR:exception_snapshot_win.cc(88)] thread ID 38920 not found in process
[0319/091648.521:WARNING:crash_report_exception_handler.cc(62)] ProcessSnapshotWin::Initialize failed
[0319/091659.863:ERROR:scoped_process_suspend.cc(31)] NtSuspendProcess: 已尝试访问正在退出的过程。 (0xc000010a)
[0319/091700.092:ERROR:process_reader_win.cc(123)] NtOpenThread: {无法访问} 过程已请求访问一对象，但未给访问权限。 (0xc0000022)
[0319/091700.093:ERROR:exception_snapshot_win.cc(88)] thread ID 40328 not found in process
[0319/091700.093:WARNING:crash_report_exception_handler.cc(62)] ProcessSnapshotWin::Initialize failed
[0319/091704.404:ERROR:scoped_process_suspend.cc(31)] NtSuspendProcess: 已尝试访问正在退出的过程。 (0xc000010a)
[0319/091705.024:ERROR:process_reader_win.cc(123)] NtOpenThread: {无法访问} 过程已请求访问一对象，但未给访问权限。 (0xc0000022)
[0319/091705.024:ERROR:exception_snapshot_win.cc(88)] thread ID 8752 not found in process
[0319/091705.024:WARNING:crash_report_exception_handler.cc(62)] ProcessSnapshotWin::Initialize failed
[0319/091720.690:ERROR:process_reader_win.cc(123)] NtOpenThread: {无法访问} 过程已请求访问一对象，但未给访问权限。 (0xc0000022)
[0319/091720.759:ERROR:exception_snapshot_win.cc(88)] thread ID 35328 not found in process
[0319/091720.759:WARNING:crash_report_exception_handler.cc(62)] ProcessSnapshotWin::Initialize failed
[0319/140941.264:ERROR:process_reader_win.cc(123)] NtOpenThread: {无法访问} 过程已请求访问一对象，但未给访问权限。 (0xc0000022)
[0319/140941.284:ERROR:exception_snapshot_win.cc(88)] thread ID 30640 not found in process
[0319/140941.284:WARNING:crash_report_exception_handler.cc(62)] ProcessSnapshotWin::Initialize failed
[0319/140941.550:ERROR:process_reader_win.cc(123)] NtOpenThread: {无法访问} 过程已请求访问一对象，但未给访问权限。 (0xc0000022)
[0319/140941.550:ERROR:exception_snapshot_win.cc(88)] thread ID 14400 not found in process
[0319/140941.550:WARNING:crash_report_exception_handler.cc(62)] ProcessSnapshotWin::Initialize failed
[0319/140943.742:ERROR:process_reader_win.cc(123)] NtOpenThread: {无法访问} 过程已请求访问一对象，但未给访问权限。 (0xc0000022)
[0319/140943.742:ERROR:exception_snapshot_win.cc(88)] thread ID 8712 not found in process
[0319/140943.743:WARNING:crash_report_exception_handler.cc(62)] ProcessSnapshotWin::Initialize failed
[0319/140945.979:ERROR:process_reader_win.cc(123)] NtOpenThread: {无法访问} 过程已请求访问一对象，但未给访问权限。 (0xc0000022)
[0319/140945.980:ERROR:exception_snapshot_win.cc(88)] thread ID 26488 not found in process
[0319/140945.980:WARNING:crash_report_exception_handler.cc(62)] ProcessSnapshotWin::Initialize failed
[0319/140948.116:ERROR:process_reader_win.cc(123)] NtOpenThread: {无法访问} 过程已请求访问一对象，但未给访问权限。 (0xc0000022)
[0319/140948.117:ERROR:exception_snapshot_win.cc(88)] thread ID 43280 not found in process
[0319/140948.117:WARNING:crash_report_exception_handler.cc(62)] ProcessSnapshotWin::Initialize failed
[0319/140949.937:ERROR:process_reader_win.cc(123)] NtOpenThread: {无法访问} 过程已请求访问一对象，但未给访问权限。 (0xc0000022)
[0319/140949.937:ERROR:exception_snapshot_win.cc(88)] thread ID 24896 not found in process
[0319/140949.937:WARNING:crash_report_exception_handler.cc(62)] ProcessSnapshotWin::Initialize failed
[0319/140951.728:ERROR:process_reader_win.cc(123)] NtOpenThread: {无法访问} 过程已请求访问一对象，但未给访问权限。 (0xc0000022)
[0319/140951.728:ERROR:exception_snapshot_win.cc(88)] thread ID 32836 not found in process
[0319/140951.728:WARNING:crash_report_exception_handler.cc(62)] ProcessSnapshotWin::Initialize failed
[0319/140953.444:ERROR:process_reader_win.cc(123)] NtOpenThread: {无法访问} 过程已请求访问一对象，但未给访问权限。 (0xc0000022)
[0319/140953.444:ERROR:exception_snapshot_win.cc(88)] thread ID 22088 not found in process
[0319/140953.444:WARNING:crash_report_exception_handler.cc(62)] ProcessSnapshotWin::Initialize failed
[0319/140955.420:ERROR:process_reader_win.cc(123)] NtOpenThread: {无法访问} 过程已请求访问一对象，但未给访问权限。 (0xc0000022)
[0319/140955.421:ERROR:exception_snapshot_win.cc(88)] thread ID 40976 not found in process
[0319/140955.421:WARNING:crash_report_exception_handler.cc(62)] ProcessSnapshotWin::Initialize failed
[0319/200445.836:ERROR:process_reader_win.cc(123)] NtOpenThread: {无法访问} 过程已请求访问一对象，但未给访问权限。 (0xc0000022)
[0319/200445.894:ERROR:exception_snapshot_win.cc(88)] thread ID 33500 not found in process
[0319/200445.894:WARNING:crash_report_exception_handler.cc(62)] ProcessSnapshotWin::Initialize failed
[0319/200525.558:ERROR:process_reader_win.cc(123)] NtOpenThread: {无法访问} 过程已请求访问一对象，但未给访问权限。 (0xc0000022)
[0319/200525.559:ERROR:exception_snapshot_win.cc(88)] thread ID 10476 not found in process
[0319/200525.559:WARNING:crash_report_exception_handler.cc(62)] ProcessSnapshotWin::Initialize failed
[0319/204235.294:ERROR:process_reader_win.cc(123)] NtOpenThread: {无法访问} 过程已请求访问一对象，但未给访问权限。 (0xc0000022)
[0319/204235.343:ERROR:exception_snapshot_win.cc(88)] thread ID 20352 not found in process
[0319/204235.343:WARNING:crash_report_exception_handler.cc(62)] ProcessSnapshotWin::Initialize failed
[0319/204250.011:ERROR:process_reader_win.cc(123)] NtOpenThread: {无法访问} 过程已请求访问一对象，但未给访问权限。 (0xc0000022)
[0319/204250.012:ERROR:exception_snapshot_win.cc(88)] thread ID 43836 not found in process
[0319/204250.012:WARNING:crash_report_exception_handler.cc(62)] ProcessSnapshotWin::Initialize failed
[0319/204254.567:ERROR:process_reader_win.cc(123)] NtOpenThread: {无法访问} 过程已请求访问一对象，但未给访问权限。 (0xc0000022)
[0319/204254.568:ERROR:exception_snapshot_win.cc(88)] thread ID 26556 not found in process
[0319/204254.568:WARNING:crash_report_exception_handler.cc(62)] ProcessSnapshotWin::Initialize failed
[0319/204257.103:ERROR:process_reader_win.cc(123)] NtOpenThread: {无法访问} 过程已请求访问一对象，但未给访问权限。 (0xc0000022)
[0319/204257.104:ERROR:exception_snapshot_win.cc(88)] thread ID 1832 not found in process
[0319/204257.104:WARNING:crash_report_exception_handler.cc(62)] ProcessSnapshotWin::Initialize failed
[0319/204259.353:ERROR:process_reader_win.cc(123)] NtOpenThread: {无法访问} 过程已请求访问一对象，但未给访问权限。 (0xc0000022)
[0319/204259.354:ERROR:exception_snapshot_win.cc(88)] thread ID 8908 not found in process
[0319/204259.354:WARNING:crash_report_exception_handler.cc(62)] ProcessSnapshotWin::Initialize failed
[0319/204301.876:ERROR:process_reader_win.cc(123)] NtOpenThread: {无法访问} 过程已请求访问一对象，但未给访问权限。 (0xc0000022)
[0319/204301.877:ERROR:exception_snapshot_win.cc(88)] thread ID 6316 not found in process
[0319/204301.877:WARNING:crash_report_exception_handler.cc(62)] ProcessSnapshotWin::Initialize failed
[0319/204334.252:ERROR:process_reader_win.cc(123)] NtOpenThread: {无法访问} 过程已请求访问一对象，但未给访问权限。 (0xc0000022)
[0319/204334.252:ERROR:exception_snapshot_win.cc(88)] thread ID 6300 not found in process
[0319/204334.252:WARNING:crash_report_exception_handler.cc(62)] ProcessSnapshotWin::Initialize failed
[0319/204335.812:ERROR:process_reader_win.cc(123)] NtOpenThread: {无法访问} 过程已请求访问一对象，但未给访问权限。 (0xc0000022)
[0319/204335.813:ERROR:exception_snapshot_win.cc(88)] thread ID 40020 not found in process
[0319/204335.813:WARNING:crash_report_exception_handler.cc(62)] ProcessSnapshotWin::Initialize failed
[0319/204337.516:ERROR:process_reader_win.cc(123)] NtOpenThread: {无法访问} 过程已请求访问一对象，但未给访问权限。 (0xc0000022)
[0319/204337.517:ERROR:exception_snapshot_win.cc(88)] thread ID 7672 not found in process
[0319/204337.517:WARNING:crash_report_exception_handler.cc(62)] ProcessSnapshotWin::Initialize failed
[0319/204339.231:ERROR:process_reader_win.cc(123)] NtOpenThread: {无法访问} 过程已请求访问一对象，但未给访问权限。 (0xc0000022)
[0319/204339.232:ERROR:exception_snapshot_win.cc(88)] thread ID 37132 not found in process
[0319/204339.232:WARNING:crash_report_exception_handler.cc(62)] ProcessSnapshotWin::Initialize failed
[0319/204340.739:ERROR:process_reader_win.cc(123)] NtOpenThread: {无法访问} 过程已请求访问一对象，但未给访问权限。 (0xc0000022)
[0319/204340.739:ERROR:exception_snapshot_win.cc(88)] thread ID 42180 not found in process
[0319/204340.739:WARNING:crash_report_exception_handler.cc(62)] ProcessSnapshotWin::Initialize failed
[0319/204342.356:ERROR:process_reader_win.cc(123)] NtOpenThread: {无法访问} 过程已请求访问一对象，但未给访问权限。 (0xc0000022)
[0319/204342.357:ERROR:exception_snapshot_win.cc(88)] thread ID 28684 not found in process
[0319/204342.357:WARNING:crash_report_exception_handler.cc(62)] ProcessSnapshotWin::Initialize failed
[0319/222918.078:ERROR:process_reader_win.cc(123)] NtOpenThread: {无法访问} 过程已请求访问一对象，但未给访问权限。 (0xc0000022)
[0319/222918.098:ERROR:exception_snapshot_win.cc(88)] thread ID 28516 not found in process
[0319/222918.098:WARNING:crash_report_exception_handler.cc(62)] ProcessSnapshotWin::Initialize failed
[0319/222919.873:ERROR:process_reader_win.cc(123)] NtOpenThread: {无法访问} 过程已请求访问一对象，但未给访问权限。 (0xc0000022)
[0319/222919.874:ERROR:exception_snapshot_win.cc(88)] thread ID 34028 not found in process
[0319/222919.874:WARNING:crash_report_exception_handler.cc(62)] ProcessSnapshotWin::Initialize failed
[0319/222921.809:ERROR:process_reader_win.cc(123)] NtOpenThread: {无法访问} 过程已请求访问一对象，但未给访问权限。 (0xc0000022)
[0319/222921.809:ERROR:exception_snapshot_win.cc(88)] thread ID 29104 not found in process
[0319/222921.809:WARNING:crash_report_exception_handler.cc(62)] ProcessSnapshotWin::Initialize failed
[0319/222923.670:ERROR:process_reader_win.cc(123)] NtOpenThread: {无法访问} 过程已请求访问一对象，但未给访问权限。 (0xc0000022)
[0319/222923.671:ERROR:exception_snapshot_win.cc(88)] thread ID 22332 not found in process
[0319/222923.671:WARNING:crash_report_exception_handler.cc(62)] ProcessSnapshotWin::Initialize failed
[0319/222925.538:ERROR:process_reader_win.cc(123)] NtOpenThread: {无法访问} 过程已请求访问一对象，但未给访问权限。 (0xc0000022)
[0319/222925.538:ERROR:exception_snapshot_win.cc(88)] thread ID 32072 not found in process
[0319/222925.538:WARNING:crash_report_exception_handler.cc(62)] ProcessSnapshotWin::Initialize failed
[0319/222926.221:ERROR:process_reader_win.cc(123)] NtOpenThread: {无法访问} 过程已请求访问一对象，但未给访问权限。 (0xc0000022)
[0319/222926.222:ERROR:exception_snapshot_win.cc(88)] thread ID 36396 not found in process
[0319/222926.222:WARNING:crash_report_exception_handler.cc(62)] ProcessSnapshotWin::Initialize failed
[0319/222928.321:ERROR:process_reader_win.cc(123)] NtOpenThread: {无法访问} 过程已请求访问一对象，但未给访问权限。 (0xc0000022)
[0319/222928.322:ERROR:exception_snapshot_win.cc(88)] thread ID 34340 not found in process
[0319/222928.322:WARNING:crash_report_exception_handler.cc(62)] ProcessSnapshotWin::Initialize failed
[0319/222930.363:ERROR:process_reader_win.cc(123)] NtOpenThread: {无法访问} 过程已请求访问一对象，但未给访问权限。 (0xc0000022)
[0319/222930.364:ERROR:exception_snapshot_win.cc(88)] thread ID 29836 not found in process
[0319/222930.364:WARNING:crash_report_exception_handler.cc(62)] ProcessSnapshotWin::Initialize failed
[0319/222932.529:ERROR:process_reader_win.cc(123)] NtOpenThread: {无法访问} 过程已请求访问一对象，但未给访问权限。 (0xc0000022)
[0319/222932.530:ERROR:exception_snapshot_win.cc(88)] thread ID 20708 not found in process
[0319/222932.530:WARNING:crash_report_exception_handler.cc(62)] ProcessSnapshotWin::Initialize failed
[0320/112851.387:ERROR:process_reader_win.cc(123)] NtOpenThread: {无法访问} 过程已请求访问一对象，但未给访问权限。 (0xc0000022)
[0320/112851.421:ERROR:exception_snapshot_win.cc(88)] thread ID 22056 not found in process
[0320/112851.421:WARNING:crash_report_exception_handler.cc(62)] ProcessSnapshotWin::Initialize failed
[0320/112855.270:ERROR:process_reader_win.cc(123)] NtOpenThread: {无法访问} 过程已请求访问一对象，但未给访问权限。 (0xc0000022)
[0320/112855.271:ERROR:exception_snapshot_win.cc(88)] thread ID 25200 not found in process
[0320/112855.271:WARNING:crash_report_exception_handler.cc(62)] ProcessSnapshotWin::Initialize failed
[0320/112900.465:ERROR:process_reader_win.cc(123)] NtOpenThread: {无法访问} 过程已请求访问一对象，但未给访问权限。 (0xc0000022)
[0320/112900.465:ERROR:exception_snapshot_win.cc(88)] thread ID 24072 not found in process
[0320/112900.465:WARNING:crash_report_exception_handler.cc(62)] ProcessSnapshotWin::Initialize failed
[0320/112910.691:ERROR:process_reader_win.cc(123)] NtOpenThread: {无法访问} 过程已请求访问一对象，但未给访问权限。 (0xc0000022)
[0320/112910.729:ERROR:exception_snapshot_win.cc(88)] thread ID 28364 not found in process
[0320/112910.729:WARNING:crash_report_exception_handler.cc(62)] ProcessSnapshotWin::Initialize failed
[0320/112925.001:ERROR:process_reader_win.cc(123)] NtOpenThread: {无法访问} 过程已请求访问一对象，但未给访问权限。 (0xc0000022)
[0320/112925.002:ERROR:exception_snapshot_win.cc(88)] thread ID 19236 not found in process
[0320/112925.002:WARNING:crash_report_exception_handler.cc(62)] ProcessSnapshotWin::Initialize failed
[0320/112928.233:ERROR:process_reader_win.cc(123)] NtOpenThread: {无法访问} 过程已请求访问一对象，但未给访问权限。 (0xc0000022)
[0320/112928.233:ERROR:exception_snapshot_win.cc(88)] thread ID 30844 not found in process
[0320/112928.233:WARNING:crash_report_exception_handler.cc(62)] ProcessSnapshotWin::Initialize failed
[0320/154828.125:ERROR:process_reader_win.cc(123)] NtOpenThread: {无法访问} 过程已请求访问一对象，但未给访问权限。 (0xc0000022)
[0320/154828.167:ERROR:exception_snapshot_win.cc(88)] thread ID 24384 not found in process
[0320/154828.167:WARNING:crash_report_exception_handler.cc(62)] ProcessSnapshotWin::Initialize failed
[0320/154836.875:ERROR:process_reader_win.cc(123)] NtOpenThread: {无法访问} 过程已请求访问一对象，但未给访问权限。 (0xc0000022)
[0320/154836.876:ERROR:exception_snapshot_win.cc(88)] thread ID 29640 not found in process
[0320/154836.876:WARNING:crash_report_exception_handler.cc(62)] ProcessSnapshotWin::Initialize failed
[0320/154841.469:ERROR:process_reader_win.cc(123)] NtOpenThread: {无法访问} 过程已请求访问一对象，但未给访问权限。 (0xc0000022)
[0320/154841.491:ERROR:exception_snapshot_win.cc(88)] thread ID 9668 not found in process
[0320/154841.491:WARNING:crash_report_exception_handler.cc(62)] ProcessSnapshotWin::Initialize failed
[0320/154854.342:ERROR:process_reader_win.cc(123)] NtOpenThread: {无法访问} 过程已请求访问一对象，但未给访问权限。 (0xc0000022)
[0320/154854.343:ERROR:exception_snapshot_win.cc(88)] thread ID 17296 not found in process
[0320/154854.343:WARNING:crash_report_exception_handler.cc(62)] ProcessSnapshotWin::Initialize failed
[0320/154856.963:ERROR:process_reader_win.cc(123)] NtOpenThread: {无法访问} 过程已请求访问一对象，但未给访问权限。 (0xc0000022)
[0320/154856.964:ERROR:exception_snapshot_win.cc(88)] thread ID 30696 not found in process
[0320/154856.964:WARNING:crash_report_exception_handler.cc(62)] ProcessSnapshotWin::Initialize failed
[0320/154955.240:ERROR:process_reader_win.cc(123)] NtOpenThread: {无法访问} 过程已请求访问一对象，但未给访问权限。 (0xc0000022)
[0320/154955.241:ERROR:exception_snapshot_win.cc(88)] thread ID 43940 not found in process
[0320/154955.241:WARNING:crash_report_exception_handler.cc(62)] ProcessSnapshotWin::Initialize failed
[0320/164052.193:ERROR:process_reader_win.cc(123)] NtOpenThread: {无法访问} 过程已请求访问一对象，但未给访问权限。 (0xc0000022)
[0320/164052.232:ERROR:exception_snapshot_win.cc(88)] thread ID 31684 not found in process
[0320/164052.232:WARNING:crash_report_exception_handler.cc(62)] ProcessSnapshotWin::Initialize failed
[0320/164056.116:ERROR:process_reader_win.cc(123)] NtOpenThread: {无法访问} 过程已请求访问一对象，但未给访问权限。 (0xc0000022)
[0320/164056.117:ERROR:exception_snapshot_win.cc(88)] thread ID 43516 not found in process
[0320/164056.117:WARNING:crash_report_exception_handler.cc(62)] ProcessSnapshotWin::Initialize failed
[0320/164058.470:ERROR:process_reader_win.cc(123)] NtOpenThread: {无法访问} 过程已请求访问一对象，但未给访问权限。 (0xc0000022)
[0320/164058.471:ERROR:exception_snapshot_win.cc(88)] thread ID 8116 not found in process
[0320/164058.471:WARNING:crash_report_exception_handler.cc(62)] ProcessSnapshotWin::Initialize failed
[0320/164103.571:ERROR:process_reader_win.cc(123)] NtOpenThread: {无法访问} 过程已请求访问一对象，但未给访问权限。 (0xc0000022)
[0320/164103.572:ERROR:exception_snapshot_win.cc(88)] thread ID 26264 not found in process
[0320/164103.572:WARNING:crash_report_exception_handler.cc(62)] ProcessSnapshotWin::Initialize failed
[0320/164106.136:ERROR:process_reader_win.cc(123)] NtOpenThread: {无法访问} 过程已请求访问一对象，但未给访问权限。 (0xc0000022)
[0320/164106.137:ERROR:exception_snapshot_win.cc(88)] thread ID 33396 not found in process
[0320/164106.137:WARNING:crash_report_exception_handler.cc(62)] ProcessSnapshotWin::Initialize failed
[0320/164108.474:ERROR:process_reader_win.cc(123)] NtOpenThread: {无法访问} 过程已请求访问一对象，但未给访问权限。 (0xc0000022)
[0320/164108.474:ERROR:exception_snapshot_win.cc(88)] thread ID 17584 not found in process
[0320/164108.474:WARNING:crash_report_exception_handler.cc(62)] ProcessSnapshotWin::Initialize failed
[0320/195318.299:ERROR:process_reader_win.cc(123)] NtOpenThread: {无法访问} 过程已请求访问一对象，但未给访问权限。 (0xc0000022)
[0320/195318.329:ERROR:exception_snapshot_win.cc(88)] thread ID 33968 not found in process
[0320/195318.329:WARNING:crash_report_exception_handler.cc(62)] ProcessSnapshotWin::Initialize failed
[0320/195323.612:ERROR:process_reader_win.cc(123)] NtOpenThread: {无法访问} 过程已请求访问一对象，但未给访问权限。 (0xc0000022)
[0320/195323.637:ERROR:exception_snapshot_win.cc(88)] thread ID 37472 not found in process
[0320/195323.637:WARNING:crash_report_exception_handler.cc(62)] ProcessSnapshotWin::Initialize failed
[0320/195357.416:ERROR:process_reader_win.cc(123)] NtOpenThread: {无法访问} 过程已请求访问一对象，但未给访问权限。 (0xc0000022)
[0320/195357.481:ERROR:exception_snapshot_win.cc(88)] thread ID 2696 not found in process
[0320/195357.481:WARNING:crash_report_exception_handler.cc(62)] ProcessSnapshotWin::Initialize failed
[0320/213727.589:ERROR:process_reader_win.cc(123)] NtOpenThread: {无法访问} 过程已请求访问一对象，但未给访问权限。 (0xc0000022)
[0320/213727.611:ERROR:exception_snapshot_win.cc(88)] thread ID 41976 not found in process
[0320/213727.611:WARNING:crash_report_exception_handler.cc(62)] ProcessSnapshotWin::Initialize failed
[0320/213731.512:ERROR:process_reader_win.cc(123)] NtOpenThread: {无法访问} 过程已请求访问一对象，但未给访问权限。 (0xc0000022)
[0320/213731.536:ERROR:exception_snapshot_win.cc(88)] thread ID 39436 not found in process
[0320/213731.536:WARNING:crash_report_exception_handler.cc(62)] ProcessSnapshotWin::Initialize failed
[0320/213733.677:ERROR:process_reader_win.cc(123)] NtOpenThread: {无法访问} 过程已请求访问一对象，但未给访问权限。 (0xc0000022)
[0320/213733.678:ERROR:exception_snapshot_win.cc(88)] thread ID 40608 not found in process
[0320/213733.678:WARNING:crash_report_exception_handler.cc(62)] ProcessSnapshotWin::Initialize failed
[0320/213736.489:ERROR:process_reader_win.cc(123)] NtOpenThread: {无法访问} 过程已请求访问一对象，但未给访问权限。 (0xc0000022)
[0320/213736.490:ERROR:exception_snapshot_win.cc(88)] thread ID 38696 not found in process
[0320/213736.490:WARNING:crash_report_exception_handler.cc(62)] ProcessSnapshotWin::Initialize failed
[0320/213738.902:ERROR:process_reader_win.cc(123)] NtOpenThread: {无法访问} 过程已请求访问一对象，但未给访问权限。 (0xc0000022)
[0320/213738.904:ERROR:exception_snapshot_win.cc(88)] thread ID 33656 not found in process
[0320/213738.904:WARNING:crash_report_exception_handler.cc(62)] ProcessSnapshotWin::Initialize failed
[0320/213740.548:ERROR:process_reader_win.cc(123)] NtOpenThread: {无法访问} 过程已请求访问一对象，但未给访问权限。 (0xc0000022)
[0320/213740.549:ERROR:exception_snapshot_win.cc(88)] thread ID 28004 not found in process
[0320/213740.549:WARNING:crash_report_exception_handler.cc(62)] ProcessSnapshotWin::Initialize failed
[0320/222136.822:ERROR:process_reader_win.cc(123)] NtOpenThread: {无法访问} 过程已请求访问一对象，但未给访问权限。 (0xc0000022)
[0320/222136.935:ERROR:exception_snapshot_win.cc(88)] thread ID 27312 not found in process
[0320/222136.935:WARNING:crash_report_exception_handler.cc(62)] ProcessSnapshotWin::Initialize failed
[0320/222140.080:ERROR:process_reader_win.cc(123)] NtOpenThread: {无法访问} 过程已请求访问一对象，但未给访问权限。 (0xc0000022)
[0320/222140.104:ERROR:exception_snapshot_win.cc(88)] thread ID 39432 not found in process
[0320/222140.104:WARNING:crash_report_exception_handler.cc(62)] ProcessSnapshotWin::Initialize failed
[0320/222145.323:ERROR:process_reader_win.cc(123)] NtOpenThread: {无法访问} 过程已请求访问一对象，但未给访问权限。 (0xc0000022)
[0320/222145.324:ERROR:exception_snapshot_win.cc(88)] thread ID 3136 not found in process
[0320/222145.324:WARNING:crash_report_exception_handler.cc(62)] ProcessSnapshotWin::Initialize failed
[0320/222148.675:ERROR:process_reader_win.cc(123)] NtOpenThread: {无法访问} 过程已请求访问一对象，但未给访问权限。 (0xc0000022)
[0320/222148.676:ERROR:exception_snapshot_win.cc(88)] thread ID 11704 not found in process
[0320/222148.676:WARNING:crash_report_exception_handler.cc(62)] ProcessSnapshotWin::Initialize failed
[0320/222153.283:ERROR:process_reader_win.cc(123)] NtOpenThread: {无法访问} 过程已请求访问一对象，但未给访问权限。 (0xc0000022)
[0320/222153.284:ERROR:exception_snapshot_win.cc(88)] thread ID 2444 not found in process
[0320/222153.284:WARNING:crash_report_exception_handler.cc(62)] ProcessSnapshotWin::Initialize failed
[0320/222155.990:ERROR:process_reader_win.cc(123)] NtOpenThread: {无法访问} 过程已请求访问一对象，但未给访问权限。 (0xc0000022)
[0320/222155.991:ERROR:exception_snapshot_win.cc(88)] thread ID 35280 not found in process
[0320/222155.991:WARNING:crash_report_exception_handler.cc(62)] ProcessSnapshotWin::Initialize failed
[0320/222158.692:ERROR:process_reader_win.cc(123)] NtOpenThread: {无法访问} 过程已请求访问一对象，但未给访问权限。 (0xc0000022)
[0320/222158.693:ERROR:exception_snapshot_win.cc(88)] thread ID 31316 not found in process
[0320/222158.693:WARNING:crash_report_exception_handler.cc(62)] ProcessSnapshotWin::Initialize failed
[0320/222201.225:ERROR:process_reader_win.cc(123)] NtOpenThread: {无法访问} 过程已请求访问一对象，但未给访问权限。 (0xc0000022)
[0320/222201.227:ERROR:exception_snapshot_win.cc(88)] thread ID 34796 not found in process
[0320/222201.227:WARNING:crash_report_exception_handler.cc(62)] ProcessSnapshotWin::Initialize failed
[0320/222203.487:ERROR:process_reader_win.cc(123)] NtOpenThread: {无法访问} 过程已请求访问一对象，但未给访问权限。 (0xc0000022)
[0320/222203.488:ERROR:exception_snapshot_win.cc(88)] thread ID 36464 not found in process
[0320/222203.488:WARNING:crash_report_exception_handler.cc(62)] ProcessSnapshotWin::Initialize failed
[0321/090800.405:ERROR:process_reader_win.cc(123)] NtOpenThread: {无法访问} 过程已请求访问一对象，但未给访问权限。 (0xc0000022)
[0321/090800.422:ERROR:exception_snapshot_win.cc(88)] thread ID 33500 not found in process
[0321/090800.422:WARNING:crash_report_exception_handler.cc(62)] ProcessSnapshotWin::Initialize failed
[0321/090804.289:ERROR:process_reader_win.cc(123)] NtOpenThread: {无法访问} 过程已请求访问一对象，但未给访问权限。 (0xc0000022)
[0321/090804.290:ERROR:exception_snapshot_win.cc(88)] thread ID 192 not found in process
[0321/090804.290:WARNING:crash_report_exception_handler.cc(62)] ProcessSnapshotWin::Initialize failed
[0321/090809.369:ERROR:process_reader_win.cc(123)] NtOpenThread: {无法访问} 过程已请求访问一对象，但未给访问权限。 (0xc0000022)
[0321/090809.370:ERROR:exception_snapshot_win.cc(88)] thread ID 38304 not found in process
[0321/090809.370:WARNING:crash_report_exception_handler.cc(62)] ProcessSnapshotWin::Initialize failed
[0321/090812.972:ERROR:process_reader_win.cc(123)] NtOpenThread: {无法访问} 过程已请求访问一对象，但未给访问权限。 (0xc0000022)
[0321/090812.991:ERROR:exception_snapshot_win.cc(88)] thread ID 42688 not found in process
[0321/090812.991:WARNING:crash_report_exception_handler.cc(62)] ProcessSnapshotWin::Initialize failed
[0321/090816.636:ERROR:process_reader_win.cc(123)] NtOpenThread: {无法访问} 过程已请求访问一对象，但未给访问权限。 (0xc0000022)
[0321/090816.637:ERROR:exception_snapshot_win.cc(88)] thread ID 32344 not found in process
[0321/090816.637:WARNING:crash_report_exception_handler.cc(62)] ProcessSnapshotWin::Initialize failed
[0321/090819.283:ERROR:process_reader_win.cc(123)] NtOpenThread: {无法访问} 过程已请求访问一对象，但未给访问权限。 (0xc0000022)
[0321/090819.283:ERROR:exception_snapshot_win.cc(88)] thread ID 43848 not found in process
[0321/090819.284:WARNING:crash_report_exception_handler.cc(62)] ProcessSnapshotWin::Initialize failed
[0321/090822.365:ERROR:process_reader_win.cc(123)] NtOpenThread: {无法访问} 过程已请求访问一对象，但未给访问权限。 (0xc0000022)
[0321/090822.365:ERROR:exception_snapshot_win.cc(88)] thread ID 17256 not found in process
[0321/090822.365:WARNING:crash_report_exception_handler.cc(62)] ProcessSnapshotWin::Initialize failed
[0321/090825.130:ERROR:process_reader_win.cc(123)] NtOpenThread: {无法访问} 过程已请求访问一对象，但未给访问权限。 (0xc0000022)
[0321/090825.131:ERROR:exception_snapshot_win.cc(88)] thread ID 10204 not found in process
[0321/090825.131:WARNING:crash_report_exception_handler.cc(62)] ProcessSnapshotWin::Initialize failed
[0321/090827.607:ERROR:process_reader_win.cc(123)] NtOpenThread: {无法访问} 过程已请求访问一对象，但未给访问权限。 (0xc0000022)
[0321/090827.607:ERROR:exception_snapshot_win.cc(88)] thread ID 36092 not found in process
[0321/090827.607:WARNING:crash_report_exception_handler.cc(62)] ProcessSnapshotWin::Initialize failed
[0321/141306.932:ERROR:process_reader_win.cc(123)] NtOpenThread: {无法访问} 过程已请求访问一对象，但未给访问权限。 (0xc0000022)
[0321/141306.942:ERROR:exception_snapshot_win.cc(88)] thread ID 37700 not found in process
[0321/141306.942:WARNING:crash_report_exception_handler.cc(62)] ProcessSnapshotWin::Initialize failed
[0321/141309.304:ERROR:process_reader_win.cc(123)] NtOpenThread: {无法访问} 过程已请求访问一对象，但未给访问权限。 (0xc0000022)
[0321/141309.306:ERROR:exception_snapshot_win.cc(88)] thread ID 29520 not found in process
[0321/141309.306:WARNING:crash_report_exception_handler.cc(62)] ProcessSnapshotWin::Initialize failed
[0321/141311.547:ERROR:process_reader_win.cc(123)] NtOpenThread: {无法访问} 过程已请求访问一对象，但未给访问权限。 (0xc0000022)
[0321/141311.548:ERROR:exception_snapshot_win.cc(88)] thread ID 12300 not found in process
[0321/141311.548:WARNING:crash_report_exception_handler.cc(62)] ProcessSnapshotWin::Initialize failed
[0321/141313.958:ERROR:process_reader_win.cc(123)] NtOpenThread: {无法访问} 过程已请求访问一对象，但未给访问权限。 (0xc0000022)
[0321/141313.958:ERROR:exception_snapshot_win.cc(88)] thread ID 39024 not found in process
[0321/141313.958:WARNING:crash_report_exception_handler.cc(62)] ProcessSnapshotWin::Initialize failed
[0321/141316.788:ERROR:process_reader_win.cc(123)] NtOpenThread: {无法访问} 过程已请求访问一对象，但未给访问权限。 (0xc0000022)
[0321/141316.789:ERROR:exception_snapshot_win.cc(88)] thread ID 2352 not found in process
[0321/141316.789:WARNING:crash_report_exception_handler.cc(62)] ProcessSnapshotWin::Initialize failed
[0321/141318.515:ERROR:process_reader_win.cc(123)] NtOpenThread: {无法访问} 过程已请求访问一对象，但未给访问权限。 (0xc0000022)
[0321/141318.516:ERROR:exception_snapshot_win.cc(88)] thread ID 12112 not found in process
[0321/141318.516:WARNING:crash_report_exception_handler.cc(62)] ProcessSnapshotWin::Initialize failed
[0321/141320.711:ERROR:process_reader_win.cc(123)] NtOpenThread: {无法访问} 过程已请求访问一对象，但未给访问权限。 (0xc0000022)
[0321/141320.712:ERROR:exception_snapshot_win.cc(88)] thread ID 39712 not found in process
[0321/141320.712:WARNING:crash_report_exception_handler.cc(62)] ProcessSnapshotWin::Initialize failed
[0321/141323.737:ERROR:process_reader_win.cc(123)] NtOpenThread: {无法访问} 过程已请求访问一对象，但未给访问权限。 (0xc0000022)
[0321/141323.738:ERROR:exception_snapshot_win.cc(88)] thread ID 35904 not found in process
[0321/141323.738:WARNING:crash_report_exception_handler.cc(62)] ProcessSnapshotWin::Initialize failed
[0321/141401.337:ERROR:process_reader_win.cc(123)] NtOpenThread: {无法访问} 过程已请求访问一对象，但未给访问权限。 (0xc0000022)
[0321/141401.337:ERROR:exception_snapshot_win.cc(88)] thread ID 33116 not found in process
[0321/141401.337:WARNING:crash_report_exception_handler.cc(62)] ProcessSnapshotWin::Initialize failed
[0321/141403.011:ERROR:process_reader_win.cc(123)] NtOpenThread: {无法访问} 过程已请求访问一对象，但未给访问权限。 (0xc0000022)
[0321/141403.012:ERROR:exception_snapshot_win.cc(88)] thread ID 35044 not found in process
[0321/141403.012:WARNING:crash_report_exception_handler.cc(62)] ProcessSnapshotWin::Initialize failed
[0321/141403.251:ERROR:process_reader_win.cc(123)] NtOpenThread: {无法访问} 过程已请求访问一对象，但未给访问权限。 (0xc0000022)
[0321/141403.252:ERROR:exception_snapshot_win.cc(88)] thread ID 42432 not found in process
[0321/141403.252:WARNING:crash_report_exception_handler.cc(62)] ProcessSnapshotWin::Initialize failed
[0321/141404.960:ERROR:process_reader_win.cc(123)] NtOpenThread: {无法访问} 过程已请求访问一对象，但未给访问权限。 (0xc0000022)
[0321/141404.960:ERROR:exception_snapshot_win.cc(88)] thread ID 5076 not found in process
[0321/141404.960:WARNING:crash_report_exception_handler.cc(62)] ProcessSnapshotWin::Initialize failed
[0321/141406.758:ERROR:process_reader_win.cc(123)] NtOpenThread: {无法访问} 过程已请求访问一对象，但未给访问权限。 (0xc0000022)
[0321/141406.758:ERROR:exception_snapshot_win.cc(88)] thread ID 43868 not found in process
[0321/141406.758:WARNING:crash_report_exception_handler.cc(62)] ProcessSnapshotWin::Initialize failed
[0321/141406.978:ERROR:process_reader_win.cc(123)] NtOpenThread: {无法访问} 过程已请求访问一对象，但未给访问权限。 (0xc0000022)
[0321/141406.979:ERROR:exception_snapshot_win.cc(88)] thread ID 41504 not found in process
[0321/141406.979:WARNING:crash_report_exception_handler.cc(62)] ProcessSnapshotWin::Initialize failed
[0321/141408.495:ERROR:process_reader_win.cc(123)] NtOpenThread: {无法访问} 过程已请求访问一对象，但未给访问权限。 (0xc0000022)
[0321/141408.495:ERROR:exception_snapshot_win.cc(88)] thread ID 40364 not found in process
[0321/141408.495:WARNING:crash_report_exception_handler.cc(62)] ProcessSnapshotWin::Initialize failed
[0321/141410.148:ERROR:process_reader_win.cc(123)] NtOpenThread: {无法访问} 过程已请求访问一对象，但未给访问权限。 (0xc0000022)
[0321/141410.149:ERROR:exception_snapshot_win.cc(88)] thread ID 35860 not found in process
[0321/141410.149:WARNING:crash_report_exception_handler.cc(62)] ProcessSnapshotWin::Initialize failed
[0321/185418.004:ERROR:process_reader_win.cc(123)] NtOpenThread: {无法访问} 过程已请求访问一对象，但未给访问权限。 (0xc0000022)
[0321/185418.005:ERROR:exception_snapshot_win.cc(88)] thread ID 17640 not found in process
[0321/185418.005:WARNING:crash_report_exception_handler.cc(62)] ProcessSnapshotWin::Initialize failed
[0321/185419.745:ERROR:process_reader_win.cc(123)] NtOpenThread: {无法访问} 过程已请求访问一对象，但未给访问权限。 (0xc0000022)
[0321/185419.746:ERROR:exception_snapshot_win.cc(88)] thread ID 42104 not found in process
[0321/185419.746:WARNING:crash_report_exception_handler.cc(62)] ProcessSnapshotWin::Initialize failed
[0321/185426.197:ERROR:process_reader_win.cc(123)] NtOpenThread: {无法访问} 过程已请求访问一对象，但未给访问权限。 (0xc0000022)
[0321/185426.197:ERROR:exception_snapshot_win.cc(88)] thread ID 25296 not found in process
[0321/185426.197:WARNING:crash_report_exception_handler.cc(62)] ProcessSnapshotWin::Initialize failed
[0321/185429.639:ERROR:process_reader_win.cc(123)] NtOpenThread: {无法访问} 过程已请求访问一对象，但未给访问权限。 (0xc0000022)
[0321/185429.640:ERROR:exception_snapshot_win.cc(88)] thread ID 33352 not found in process
[0321/185429.640:WARNING:crash_report_exception_handler.cc(62)] ProcessSnapshotWin::Initialize failed
[0321/185436.785:ERROR:process_reader_win.cc(123)] NtOpenThread: {无法访问} 过程已请求访问一对象，但未给访问权限。 (0xc0000022)
[0321/185436.814:ERROR:exception_snapshot_win.cc(88)] thread ID 25048 not found in process
[0321/185436.814:WARNING:crash_report_exception_handler.cc(62)] ProcessSnapshotWin::Initialize failed
[0321/185441.648:ERROR:process_reader_win.cc(123)] NtOpenThread: {无法访问} 过程已请求访问一对象，但未给访问权限。 (0xc0000022)
[0321/185441.648:ERROR:exception_snapshot_win.cc(88)] thread ID 43032 not found in process
[0321/185441.648:WARNING:crash_report_exception_handler.cc(62)] ProcessSnapshotWin::Initialize failed
[0321/185445.058:ERROR:process_reader_win.cc(123)] NtOpenThread: {无法访问} 过程已请求访问一对象，但未给访问权限。 (0xc0000022)
[0321/185445.058:ERROR:exception_snapshot_win.cc(88)] thread ID 42856 not found in process
[0321/185445.058:WARNING:crash_report_exception_handler.cc(62)] ProcessSnapshotWin::Initialize failed
[0321/185449.568:ERROR:process_reader_win.cc(123)] NtOpenThread: {无法访问} 过程已请求访问一对象，但未给访问权限。 (0xc0000022)
[0321/185449.569:ERROR:exception_snapshot_win.cc(88)] thread ID 43464 not found in process
[0321/185449.569:WARNING:crash_report_exception_handler.cc(62)] ProcessSnapshotWin::Initialize failed
[0321/185716.157:ERROR:process_reader_win.cc(123)] NtOpenThread: {无法访问} 过程已请求访问一对象，但未给访问权限。 (0xc0000022)
[0321/185716.158:ERROR:exception_snapshot_win.cc(88)] thread ID 17348 not found in process
[0321/185716.158:WARNING:crash_report_exception_handler.cc(62)] ProcessSnapshotWin::Initialize failed
[0322/094434.263:ERROR:process_reader_win.cc(123)] NtOpenThread: {无法访问} 过程已请求访问一对象，但未给访问权限。 (0xc0000022)
[0322/094434.270:ERROR:exception_snapshot_win.cc(88)] thread ID 6568 not found in process
[0322/094434.270:WARNING:crash_report_exception_handler.cc(62)] ProcessSnapshotWin::Initialize failed
[0322/094437.986:ERROR:process_reader_win.cc(123)] NtOpenThread: {无法访问} 过程已请求访问一对象，但未给访问权限。 (0xc0000022)
[0322/094438.017:ERROR:exception_snapshot_win.cc(88)] thread ID 38540 not found in process
[0322/094438.017:WARNING:crash_report_exception_handler.cc(62)] ProcessSnapshotWin::Initialize failed
[0322/094453.652:ERROR:process_reader_win.cc(123)] NtOpenThread: {无法访问} 过程已请求访问一对象，但未给访问权限。 (0xc0000022)
[0322/094453.806:ERROR:exception_snapshot_win.cc(88)] thread ID 22164 not found in process
[0322/094453.806:WARNING:crash_report_exception_handler.cc(62)] ProcessSnapshotWin::Initialize failed
[0322/094458.939:ERROR:process_reader_win.cc(123)] NtOpenThread: {无法访问} 过程已请求访问一对象，但未给访问权限。 (0xc0000022)
[0322/094458.941:ERROR:exception_snapshot_win.cc(88)] thread ID 28216 not found in process
[0322/094458.941:WARNING:crash_report_exception_handler.cc(62)] ProcessSnapshotWin::Initialize failed
[0322/094501.940:ERROR:process_reader_win.cc(123)] NtOpenThread: {无法访问} 过程已请求访问一对象，但未给访问权限。 (0xc0000022)
[0322/094501.941:ERROR:exception_snapshot_win.cc(88)] thread ID 41404 not found in process
[0322/094501.941:WARNING:crash_report_exception_handler.cc(62)] ProcessSnapshotWin::Initialize failed
[0322/094507.214:ERROR:process_reader_win.cc(123)] NtOpenThread: {无法访问} 过程已请求访问一对象，但未给访问权限。 (0xc0000022)
[0322/094507.215:ERROR:exception_snapshot_win.cc(88)] thread ID 31392 not found in process
[0322/094507.215:WARNING:crash_report_exception_handler.cc(62)] ProcessSnapshotWin::Initialize failed
[0322/094513.321:ERROR:process_reader_win.cc(123)] NtOpenThread: {无法访问} 过程已请求访问一对象，但未给访问权限。 (0xc0000022)
[0322/094513.353:ERROR:exception_snapshot_win.cc(88)] thread ID 13120 not found in process
[0322/094513.353:WARNING:crash_report_exception_handler.cc(62)] ProcessSnapshotWin::Initialize failed
[0322/094540.580:ERROR:process_reader_win.cc(123)] NtOpenThread: {无法访问} 过程已请求访问一对象，但未给访问权限。 (0xc0000022)
[0322/094540.581:ERROR:exception_snapshot_win.cc(88)] thread ID 41452 not found in process
[0322/094540.581:WARNING:crash_report_exception_handler.cc(62)] ProcessSnapshotWin::Initialize failed
[0322/094542.541:ERROR:process_reader_win.cc(123)] NtOpenThread: {无法访问} 过程已请求访问一对象，但未给访问权限。 (0xc0000022)
[0322/094542.542:ERROR:exception_snapshot_win.cc(88)] thread ID 33336 not found in process
[0322/094542.542:WARNING:crash_report_exception_handler.cc(62)] ProcessSnapshotWin::Initialize failed
[0322/094544.269:ERROR:process_reader_win.cc(123)] NtOpenThread: {无法访问} 过程已请求访问一对象，但未给访问权限。 (0xc0000022)
[0322/094544.270:ERROR:exception_snapshot_win.cc(88)] thread ID 15868 not found in process
[0322/094544.270:WARNING:crash_report_exception_handler.cc(62)] ProcessSnapshotWin::Initialize failed
[0322/094546.496:ERROR:process_reader_win.cc(123)] NtOpenThread: {无法访问} 过程已请求访问一对象，但未给访问权限。 (0xc0000022)
[0322/094546.496:ERROR:exception_snapshot_win.cc(88)] thread ID 20868 not found in process
[0322/094546.496:WARNING:crash_report_exception_handler.cc(62)] ProcessSnapshotWin::Initialize failed
[0322/145728.651:ERROR:process_reader_win.cc(123)] NtOpenThread: {无法访问} 过程已请求访问一对象，但未给访问权限。 (0xc0000022)
[0322/145728.668:ERROR:exception_snapshot_win.cc(88)] thread ID 23512 not found in process
[0322/145728.668:WARNING:crash_report_exception_handler.cc(62)] ProcessSnapshotWin::Initialize failed
[0322/145733.467:ERROR:process_reader_win.cc(123)] NtOpenThread: {无法访问} 过程已请求访问一对象，但未给访问权限。 (0xc0000022)
[0322/145733.468:ERROR:exception_snapshot_win.cc(88)] thread ID 17044 not found in process
[0322/145733.468:WARNING:crash_report_exception_handler.cc(62)] ProcessSnapshotWin::Initialize failed
[0322/145737.168:ERROR:process_reader_win.cc(123)] NtOpenThread: {无法访问} 过程已请求访问一对象，但未给访问权限。 (0xc0000022)
[0322/145737.168:ERROR:exception_snapshot_win.cc(88)] thread ID 24216 not found in process
[0322/145737.168:WARNING:crash_report_exception_handler.cc(62)] ProcessSnapshotWin::Initialize failed
[0322/145741.799:ERROR:process_reader_win.cc(123)] NtOpenThread: {无法访问} 过程已请求访问一对象，但未给访问权限。 (0xc0000022)
[0322/145741.800:ERROR:exception_snapshot_win.cc(88)] thread ID 1780 not found in process
[0322/145741.800:WARNING:crash_report_exception_handler.cc(62)] ProcessSnapshotWin::Initialize failed
[0322/145746.040:ERROR:process_reader_win.cc(123)] NtOpenThread: {无法访问} 过程已请求访问一对象，但未给访问权限。 (0xc0000022)
[0322/145746.041:ERROR:exception_snapshot_win.cc(88)] thread ID 8640 not found in process
[0322/145746.041:WARNING:crash_report_exception_handler.cc(62)] ProcessSnapshotWin::Initialize failed
[0322/145809.321:ERROR:process_reader_win.cc(123)] NtOpenThread: {无法访问} 过程已请求访问一对象，但未给访问权限。 (0xc0000022)
[0322/145809.322:ERROR:exception_snapshot_win.cc(88)] thread ID 6816 not found in process
[0322/145809.322:WARNING:crash_report_exception_handler.cc(62)] ProcessSnapshotWin::Initialize failed
[0322/185635.550:ERROR:process_reader_win.cc(123)] NtOpenThread: {无法访问} 过程已请求访问一对象，但未给访问权限。 (0xc0000022)
[0322/185635.568:ERROR:exception_snapshot_win.cc(88)] thread ID 35160 not found in process
[0322/185635.568:WARNING:crash_report_exception_handler.cc(62)] ProcessSnapshotWin::Initialize failed
[0322/185637.286:ERROR:process_reader_win.cc(123)] NtOpenThread: {无法访问} 过程已请求访问一对象，但未给访问权限。 (0xc0000022)
[0322/185637.286:ERROR:exception_snapshot_win.cc(88)] thread ID 11400 not found in process
[0322/185637.286:WARNING:crash_report_exception_handler.cc(62)] ProcessSnapshotWin::Initialize failed
[0322/185638.809:ERROR:process_reader_win.cc(123)] NtOpenThread: {无法访问} 过程已请求访问一对象，但未给访问权限。 (0xc0000022)
[0322/185638.810:ERROR:exception_snapshot_win.cc(88)] thread ID 43432 not found in process
[0322/185638.810:WARNING:crash_report_exception_handler.cc(62)] ProcessSnapshotWin::Initialize failed
[0322/185640.508:ERROR:process_reader_win.cc(123)] NtOpenThread: {无法访问} 过程已请求访问一对象，但未给访问权限。 (0xc0000022)
[0322/185640.509:ERROR:exception_snapshot_win.cc(88)] thread ID 13736 not found in process
[0322/185640.509:WARNING:crash_report_exception_handler.cc(62)] ProcessSnapshotWin::Initialize failed
[0322/185642.119:ERROR:process_reader_win.cc(123)] NtOpenThread: {无法访问} 过程已请求访问一对象，但未给访问权限。 (0xc0000022)
[0322/185642.120:ERROR:exception_snapshot_win.cc(88)] thread ID 10760 not found in process
[0322/185642.120:WARNING:crash_report_exception_handler.cc(62)] ProcessSnapshotWin::Initialize failed
[0322/185643.615:ERROR:process_reader_win.cc(123)] NtOpenThread: {无法访问} 过程已请求访问一对象，但未给访问权限。 (0xc0000022)
[0322/185643.615:ERROR:exception_snapshot_win.cc(88)] thread ID 16480 not found in process
[0322/185643.615:WARNING:crash_report_exception_handler.cc(62)] ProcessSnapshotWin::Initialize failed
[0322/185645.581:ERROR:process_reader_win.cc(123)] NtOpenThread: {无法访问} 过程已请求访问一对象，但未给访问权限。 (0xc0000022)
[0322/185645.582:ERROR:exception_snapshot_win.cc(88)] thread ID 40664 not found in process
[0322/185645.582:WARNING:crash_report_exception_handler.cc(62)] ProcessSnapshotWin::Initialize failed
[0322/185647.745:ERROR:process_reader_win.cc(123)] NtOpenThread: {无法访问} 过程已请求访问一对象，但未给访问权限。 (0xc0000022)
[0322/185647.745:ERROR:exception_snapshot_win.cc(88)] thread ID 41516 not found in process
[0322/185647.745:WARNING:crash_report_exception_handler.cc(62)] ProcessSnapshotWin::Initialize failed
[0322/185931.082:ERROR:process_reader_win.cc(123)] NtOpenThread: {无法访问} 过程已请求访问一对象，但未给访问权限。 (0xc0000022)
[0322/185931.083:ERROR:exception_snapshot_win.cc(88)] thread ID 34996 not found in process
[0322/185931.083:WARNING:crash_report_exception_handler.cc(62)] ProcessSnapshotWin::Initialize failed
[0322/185932.672:ERROR:process_reader_win.cc(123)] NtOpenThread: {无法访问} 过程已请求访问一对象，但未给访问权限。 (0xc0000022)
[0322/185932.673:ERROR:exception_snapshot_win.cc(88)] thread ID 3680 not found in process
[0322/185932.673:WARNING:crash_report_exception_handler.cc(62)] ProcessSnapshotWin::Initialize failed
[0322/185934.329:ERROR:process_reader_win.cc(123)] NtOpenThread: {无法访问} 过程已请求访问一对象，但未给访问权限。 (0xc0000022)
[0322/185934.330:ERROR:exception_snapshot_win.cc(88)] thread ID 28144 not found in process
[0322/185934.330:WARNING:crash_report_exception_handler.cc(62)] ProcessSnapshotWin::Initialize failed
[0322/185935.848:ERROR:process_reader_win.cc(123)] NtOpenThread: {无法访问} 过程已请求访问一对象，但未给访问权限。 (0xc0000022)
[0322/185935.849:ERROR:exception_snapshot_win.cc(88)] thread ID 30972 not found in process
[0322/185935.850:WARNING:crash_report_exception_handler.cc(62)] ProcessSnapshotWin::Initialize failed
[0322/185937.443:ERROR:process_reader_win.cc(123)] NtOpenThread: {无法访问} 过程已请求访问一对象，但未给访问权限。 (0xc0000022)
[0322/185937.444:ERROR:exception_snapshot_win.cc(88)] thread ID 23476 not found in process
[0322/185937.444:WARNING:crash_report_exception_handler.cc(62)] ProcessSnapshotWin::Initialize failed
[0322/185939.715:ERROR:process_reader_win.cc(123)] NtOpenThread: {无法访问} 过程已请求访问一对象，但未给访问权限。 (0xc0000022)
[0322/185939.715:ERROR:exception_snapshot_win.cc(88)] thread ID 24216 not found in process
[0322/185939.715:WARNING:crash_report_exception_handler.cc(62)] ProcessSnapshotWin::Initialize failed
[0322/185941.193:ERROR:process_reader_win.cc(123)] NtOpenThread: {无法访问} 过程已请求访问一对象，但未给访问权限。 (0xc0000022)
[0322/185941.193:ERROR:exception_snapshot_win.cc(88)] thread ID 6936 not found in process
[0322/185941.193:WARNING:crash_report_exception_handler.cc(62)] ProcessSnapshotWin::Initialize failed
[0322/185943.067:ERROR:process_reader_win.cc(123)] NtOpenThread: {无法访问} 过程已请求访问一对象，但未给访问权限。 (0xc0000022)
[0322/185943.068:ERROR:exception_snapshot_win.cc(88)] thread ID 43180 not found in process
[0322/185943.068:WARNING:crash_report_exception_handler.cc(62)] ProcessSnapshotWin::Initialize failed
[0323/095359.895:ERROR:process_reader_win.cc(123)] NtOpenThread: {无法访问} 过程已请求访问一对象，但未给访问权限。 (0xc0000022)
[0323/095359.991:ERROR:exception_snapshot_win.cc(88)] thread ID 5332 not found in process
[0323/095359.991:WARNING:crash_report_exception_handler.cc(62)] ProcessSnapshotWin::Initialize failed
[0323/095401.971:ERROR:process_reader_win.cc(123)] NtOpenThread: {无法访问} 过程已请求访问一对象，但未给访问权限。 (0xc0000022)
[0323/095401.972:ERROR:exception_snapshot_win.cc(88)] thread ID 1676 not found in process
[0323/095401.972:WARNING:crash_report_exception_handler.cc(62)] ProcessSnapshotWin::Initialize failed
[0323/095403.728:ERROR:process_reader_win.cc(123)] NtOpenThread: {无法访问} 过程已请求访问一对象，但未给访问权限。 (0xc0000022)
[0323/095403.729:ERROR:exception_snapshot_win.cc(88)] thread ID 5292 not found in process
[0323/095403.729:WARNING:crash_report_exception_handler.cc(62)] ProcessSnapshotWin::Initialize failed
[0323/095405.458:ERROR:process_reader_win.cc(123)] NtOpenThread: {无法访问} 过程已请求访问一对象，但未给访问权限。 (0xc0000022)
[0323/095405.459:ERROR:exception_snapshot_win.cc(88)] thread ID 15876 not found in process
[0323/095405.459:WARNING:crash_report_exception_handler.cc(62)] ProcessSnapshotWin::Initialize failed
[0323/095407.276:ERROR:process_reader_win.cc(123)] NtOpenThread: {无法访问} 过程已请求访问一对象，但未给访问权限。 (0xc0000022)
[0323/095407.277:ERROR:exception_snapshot_win.cc(88)] thread ID 5788 not found in process
[0323/095407.277:WARNING:crash_report_exception_handler.cc(62)] ProcessSnapshotWin::Initialize failed
[0323/095409.015:ERROR:process_reader_win.cc(123)] NtOpenThread: {无法访问} 过程已请求访问一对象，但未给访问权限。 (0xc0000022)
[0323/095409.016:ERROR:exception_snapshot_win.cc(88)] thread ID 7132 not found in process
[0323/095409.016:WARNING:crash_report_exception_handler.cc(62)] ProcessSnapshotWin::Initialize failed
[0323/095410.429:ERROR:process_reader_win.cc(123)] NtOpenThread: {无法访问} 过程已请求访问一对象，但未给访问权限。 (0xc0000022)
[0323/095410.429:ERROR:exception_snapshot_win.cc(88)] thread ID 19660 not found in process
[0323/095410.429:WARNING:crash_report_exception_handler.cc(62)] ProcessSnapshotWin::Initialize failed
[0323/095412.059:ERROR:process_reader_win.cc(123)] NtOpenThread: {无法访问} 过程已请求访问一对象，但未给访问权限。 (0xc0000022)
[0323/095412.060:ERROR:exception_snapshot_win.cc(88)] thread ID 15428 not found in process
[0323/095412.060:WARNING:crash_report_exception_handler.cc(62)] ProcessSnapshotWin::Initialize failed
[0323/143623.740:ERROR:process_reader_win.cc(123)] NtOpenThread: {无法访问} 过程已请求访问一对象，但未给访问权限。 (0xc0000022)
[0323/143623.741:ERROR:exception_snapshot_win.cc(88)] thread ID 24156 not found in process
[0323/143623.741:WARNING:crash_report_exception_handler.cc(62)] ProcessSnapshotWin::Initialize failed
[0323/143624.029:ERROR:process_reader_win.cc(123)] NtOpenThread: {无法访问} 过程已请求访问一对象，但未给访问权限。 (0xc0000022)
[0323/143624.030:ERROR:exception_snapshot_win.cc(88)] thread ID 988 not found in process
[0323/143624.030:WARNING:crash_report_exception_handler.cc(62)] ProcessSnapshotWin::Initialize failed
[0323/143628.157:ERROR:process_reader_win.cc(123)] NtOpenThread: {无法访问} 过程已请求访问一对象，但未给访问权限。 (0xc0000022)
[0323/143628.921:ERROR:exception_snapshot_win.cc(88)] thread ID 24108 not found in process
[0323/143628.921:WARNING:crash_report_exception_handler.cc(62)] ProcessSnapshotWin::Initialize failed
[0323/145116.805:ERROR:process_reader_win.cc(123)] NtOpenThread: {无法访问} 过程已请求访问一对象，但未给访问权限。 (0xc0000022)
[0323/145116.806:ERROR:exception_snapshot_win.cc(88)] thread ID 22788 not found in process
[0323/145116.806:WARNING:crash_report_exception_handler.cc(62)] ProcessSnapshotWin::Initialize failed
[0323/145118.202:ERROR:process_reader_win.cc(123)] NtOpenThread: {无法访问} 过程已请求访问一对象，但未给访问权限。 (0xc0000022)
[0323/145118.203:ERROR:exception_snapshot_win.cc(88)] thread ID 24660 not found in process
[0323/145118.203:WARNING:crash_report_exception_handler.cc(62)] ProcessSnapshotWin::Initialize failed
[0323/190043.393:ERROR:process_reader_win.cc(123)] NtOpenThread: {无法访问} 过程已请求访问一对象，但未给访问权限。 (0xc0000022)
[0323/190043.394:ERROR:exception_snapshot_win.cc(88)] thread ID 26852 not found in process
[0323/190043.394:WARNING:crash_report_exception_handler.cc(62)] ProcessSnapshotWin::Initialize failed
[0326/094506.395:ERROR:process_reader_win.cc(123)] NtOpenThread: {无法访问} 过程已请求访问一对象，但未给访问权限。 (0xc0000022)
[0326/094506.396:ERROR:exception_snapshot_win.cc(88)] thread ID 14520 not found in process
[0326/094506.396:WARNING:crash_report_exception_handler.cc(62)] ProcessSnapshotWin::Initialize failed
[0326/094513.673:ERROR:process_reader_win.cc(123)] NtOpenThread: {无法访问} 过程已请求访问一对象，但未给访问权限。 (0xc0000022)
[0326/094513.700:ERROR:exception_snapshot_win.cc(88)] thread ID 23968 not found in process
[0326/094513.700:WARNING:crash_report_exception_handler.cc(62)] ProcessSnapshotWin::Initialize failed
[0326/094520.695:ERROR:process_reader_win.cc(123)] NtOpenThread: {无法访问} 过程已请求访问一对象，但未给访问权限。 (0xc0000022)
[0326/094520.696:ERROR:exception_snapshot_win.cc(88)] thread ID 26972 not found in process
[0326/094520.696:WARNING:crash_report_exception_handler.cc(62)] ProcessSnapshotWin::Initialize failed
[0328/100419.650:ERROR:process_reader_win.cc(123)] NtOpenThread: {无法访问} 过程已请求访问一对象，但未给访问权限。 (0xc0000022)
[0328/100419.666:ERROR:exception_snapshot_win.cc(88)] thread ID 24304 not found in process
[0328/100419.666:WARNING:crash_report_exception_handler.cc(62)] ProcessSnapshotWin::Initialize failed
[0328/100458.969:ERROR:process_reader_win.cc(123)] NtOpenThread: {无法访问} 过程已请求访问一对象，但未给访问权限。 (0xc0000022)
[0328/100459.003:ERROR:exception_snapshot_win.cc(88)] thread ID 352 not found in process
[0328/100459.003:WARNING:crash_report_exception_handler.cc(62)] ProcessSnapshotWin::Initialize failed
[0328/203421.942:ERROR:process_reader_win.cc(123)] NtOpenThread: {无法访问} 过程已请求访问一对象，但未给访问权限。 (0xc0000022)
[0328/203421.943:ERROR:exception_snapshot_win.cc(88)] thread ID 26276 not found in process
[0328/203421.943:WARNING:crash_report_exception_handler.cc(62)] ProcessSnapshotWin::Initialize failed
[0329/192311.219:ERROR:process_reader_win.cc(123)] NtOpenThread: {无法访问} 过程已请求访问一对象，但未给访问权限。 (0xc0000022)
[0329/192311.220:ERROR:exception_snapshot_win.cc(88)] thread ID 24808 not found in process
[0329/192311.220:WARNING:crash_report_exception_handler.cc(62)] ProcessSnapshotWin::Initialize failed
[0330/095931.687:ERROR:process_reader_win.cc(123)] NtOpenThread: {无法访问} 过程已请求访问一对象，但未给访问权限。 (0xc0000022)
[0330/095931.731:ERROR:exception_snapshot_win.cc(88)] thread ID 22152 not found in process
[0330/095931.731:WARNING:crash_report_exception_handler.cc(62)] ProcessSnapshotWin::Initialize failed
[0331/125929.744:ERROR:process_reader_win.cc(123)] NtOpenThread: {无法访问} 过程已请求访问一对象，但未给访问权限。 (0xc0000022)
[0331/125929.759:ERROR:exception_snapshot_win.cc(88)] thread ID 9816 not found in process
[0331/125929.759:WARNING:crash_report_exception_handler.cc(62)] ProcessSnapshotWin::Initialize failed
[0402/103801.865:ERROR:process_reader_win.cc(123)] NtOpenThread: {无法访问} 过程已请求访问一对象，但未给访问权限。 (0xc0000022)
[0402/103801.889:ERROR:exception_snapshot_win.cc(88)] thread ID 2428 not found in process
[0402/103801.889:WARNING:crash_report_exception_handler.cc(62)] ProcessSnapshotWin::Initialize failed
[0402/103806.412:ERROR:process_reader_win.cc(123)] NtOpenThread: {无法访问} 过程已请求访问一对象，但未给访问权限。 (0xc0000022)
[0402/103806.413:ERROR:exception_snapshot_win.cc(88)] thread ID 5756 not found in process
[0402/103806.413:WARNING:crash_report_exception_handler.cc(62)] ProcessSnapshotWin::Initialize failed
[0402/103811.127:ERROR:process_reader_win.cc(123)] NtOpenThread: {无法访问} 过程已请求访问一对象，但未给访问权限。 (0xc0000022)
[0402/103811.128:ERROR:exception_snapshot_win.cc(88)] thread ID 2636 not found in process
[0402/103811.128:WARNING:crash_report_exception_handler.cc(62)] ProcessSnapshotWin::Initialize failed
[0402/103820.008:ERROR:process_reader_win.cc(123)] NtOpenThread: {无法访问} 过程已请求访问一对象，但未给访问权限。 (0xc0000022)
[0402/103820.009:ERROR:exception_snapshot_win.cc(88)] thread ID 7496 not found in process
[0402/103820.009:WARNING:crash_report_exception_handler.cc(62)] ProcessSnapshotWin::Initialize failed
[0402/103833.869:ERROR:process_reader_win.cc(123)] NtOpenThread: {无法访问} 过程已请求访问一对象，但未给访问权限。 (0xc0000022)
[0402/103833.870:ERROR:exception_snapshot_win.cc(88)] thread ID 2136 not found in process
[0402/103833.870:WARNING:crash_report_exception_handler.cc(62)] ProcessSnapshotWin::Initialize failed
[0402/201032.281:ERROR:process_reader_win.cc(123)] NtOpenThread: {无法访问} 过程已请求访问一对象，但未给访问权限。 (0xc0000022)
[0402/201032.282:ERROR:exception_snapshot_win.cc(88)] thread ID 3368 not found in process
[0402/201032.282:WARNING:crash_report_exception_handler.cc(62)] ProcessSnapshotWin::Initialize failed
[0403/102036.054:ERROR:process_reader_win.cc(123)] NtOpenThread: {无法访问} 过程已请求访问一对象，但未给访问权限。 (0xc0000022)
[0403/102036.055:ERROR:exception_snapshot_win.cc(88)] thread ID 8172 not found in process
[0403/102036.055:WARNING:crash_report_exception_handler.cc(62)] ProcessSnapshotWin::Initialize failed
[0403/102040.364:ERROR:process_reader_win.cc(123)] NtOpenThread: {无法访问} 过程已请求访问一对象，但未给访问权限。 (0xc0000022)
[0403/102040.364:ERROR:exception_snapshot_win.cc(88)] thread ID 11668 not found in process
[0403/102040.364:WARNING:crash_report_exception_handler.cc(62)] ProcessSnapshotWin::Initialize failed
[0403/191732.052:ERROR:process_reader_win.cc(123)] NtOpenThread: {无法访问} 过程已请求访问一对象，但未给访问权限。 (0xc0000022)
[0403/191732.053:ERROR:exception_snapshot_win.cc(88)] thread ID 1952 not found in process
[0403/191732.053:WARNING:crash_report_exception_handler.cc(62)] ProcessSnapshotWin::Initialize failed
[0404/093828.770:ERROR:process_reader_win.cc(123)] NtOpenThread: {无法访问} 过程已请求访问一对象，但未给访问权限。 (0xc0000022)
[0404/093828.771:ERROR:exception_snapshot_win.cc(88)] thread ID 5284 not found in process
[0404/093828.771:WARNING:crash_report_exception_handler.cc(62)] ProcessSnapshotWin::Initialize failed
[0408/094320.641:ERROR:process_reader_win.cc(123)] NtOpenThread: {无法访问} 过程已请求访问一对象，但未给访问权限。 (0xc0000022)
[0408/094320.654:ERROR:exception_snapshot_win.cc(88)] thread ID 20716 not found in process
[0408/094320.654:WARNING:crash_report_exception_handler.cc(62)] ProcessSnapshotWin::Initialize failed
[0408/094328.420:ERROR:process_reader_win.cc(123)] NtOpenThread: {无法访问} 过程已请求访问一对象，但未给访问权限。 (0xc0000022)
[0408/094328.892:ERROR:exception_snapshot_win.cc(88)] thread ID 23048 not found in process
[0408/094328.892:WARNING:crash_report_exception_handler.cc(62)] ProcessSnapshotWin::Initialize failed
[0409/090226.494:ERROR:process_reader_win.cc(123)] NtOpenThread: {无法访问} 过程已请求访问一对象，但未给访问权限。 (0xc0000022)
[0409/090226.495:ERROR:exception_snapshot_win.cc(88)] thread ID 22748 not found in process
[0409/090226.495:WARNING:crash_report_exception_handler.cc(62)] ProcessSnapshotWin::Initialize failed
[0410/094540.453:ERROR:process_reader_win.cc(123)] NtOpenThread: {无法访问} 过程已请求访问一对象，但未给访问权限。 (0xc0000022)
[0410/094540.490:ERROR:exception_snapshot_win.cc(88)] thread ID 1364 not found in process
[0410/094540.490:WARNING:crash_report_exception_handler.cc(62)] ProcessSnapshotWin::Initialize failed
[0411/101559.016:ERROR:process_reader_win.cc(123)] NtOpenThread: {无法访问} 过程已请求访问一对象，但未给访问权限。 (0xc0000022)
[0411/101559.054:ERROR:exception_snapshot_win.cc(88)] thread ID 19748 not found in process
[0411/101559.054:WARNING:crash_report_exception_handler.cc(62)] ProcessSnapshotWin::Initialize failed
[0411/101609.103:ERROR:process_reader_win.cc(123)] NtOpenThread: {无法访问} 过程已请求访问一对象，但未给访问权限。 (0xc0000022)
[0411/101609.109:ERROR:exception_snapshot_win.cc(88)] thread ID 5400 not found in process
[0411/101609.109:WARNING:crash_report_exception_handler.cc(62)] ProcessSnapshotWin::Initialize failed
[0411/201642.461:ERROR:process_reader_win.cc(123)] NtOpenThread: {无法访问} 过程已请求访问一对象，但未给访问权限。 (0xc0000022)
[0411/201642.533:ERROR:exception_snapshot_win.cc(88)] thread ID 17828 not found in process
[0411/201642.533:WARNING:crash_report_exception_handler.cc(62)] ProcessSnapshotWin::Initialize failed
[0412/091801.237:ERROR:process_reader_win.cc(123)] NtOpenThread: {无法访问} 过程已请求访问一对象，但未给访问权限。 (0xc0000022)
[0412/091801.261:ERROR:exception_snapshot_win.cc(88)] thread ID 12292 not found in process
[0412/091801.261:WARNING:crash_report_exception_handler.cc(62)] ProcessSnapshotWin::Initialize failed
[0412/190047.265:ERROR:process_reader_win.cc(123)] NtOpenThread: {无法访问} 过程已请求访问一对象，但未给访问权限。 (0xc0000022)
[0412/190047.283:ERROR:exception_snapshot_win.cc(88)] thread ID 16440 not found in process
[0412/190047.283:WARNING:crash_report_exception_handler.cc(62)] ProcessSnapshotWin::Initialize failed
[0413/104053.471:ERROR:process_reader_win.cc(123)] NtOpenThread: {无法访问} 过程已请求访问一对象，但未给访问权限。 (0xc0000022)
[0413/104053.491:ERROR:exception_snapshot_win.cc(88)] thread ID 21172 not found in process
[0413/104053.491:WARNING:crash_report_exception_handler.cc(62)] ProcessSnapshotWin::Initialize failed
[0413/104056.627:ERROR:process_reader_win.cc(123)] NtOpenThread: {无法访问} 过程已请求访问一对象，但未给访问权限。 (0xc0000022)
[0413/104056.627:ERROR:exception_snapshot_win.cc(88)] thread ID 19628 not found in process
[0413/104056.627:WARNING:crash_report_exception_handler.cc(62)] ProcessSnapshotWin::Initialize failed
[0417/094102.822:ERROR:process_reader_win.cc(123)] NtOpenThread: {无法访问} 过程已请求访问一对象，但未给访问权限。 (0xc0000022)
[0417/094102.838:ERROR:exception_snapshot_win.cc(88)] thread ID 10040 not found in process
[0417/094102.838:WARNING:crash_report_exception_handler.cc(62)] ProcessSnapshotWin::Initialize failed
[0419/094930.965:ERROR:scoped_process_suspend.cc(31)] NtSuspendProcess: 已尝试访问正在退出的过程。 (0xc000010a)
[0419/094939.718:ERROR:process_info.cc(118)] ReadProcessMemory bool __cdecl crashpad::(anonymous namespace)::ReadStruct(HANDLE, crashpad::WinVMAddress, T *) [T = crashpad::process_types::PEB<crashpad::process_types::internal::Traits64>]: 仅完成部分的 ReadProcessMemory 或 WriteProcessMemory 请求。 (0x12B)
[0419/094939.718:ERROR:process_info.cc(545)] ReadProcessData failed
[0419/094940.322:ERROR:process_reader_win.cc(242)] ReadMemory at 0x7ffe3293f1e8 of 12 bytes failed: 仅完成部分的 ReadProcessMemory 或 WriteProcessMemory 请求。 (0x12B)
[0419/094940.322:WARNING:process_snapshot_win.cc(69)] ReadMemory ExceptionInformation failed
[0419/094950.337:WARNING:crash_report_exception_handler.cc(62)] ProcessSnapshotWin::Initialize failed
[0419/101252.455:ERROR:scoped_process_suspend.cc(31)] NtSuspendProcess: 已尝试访问正在退出的过程。 (0xc000010a)
[0419/101256.413:ERROR:process_info.cc(118)] ReadProcessMemory bool __cdecl crashpad::(anonymous namespace)::ReadStruct(HANDLE, crashpad::WinVMAddress, T *) [T = crashpad::process_types::PEB<crashpad::process_types::internal::Traits64>]: 仅完成部分的 ReadProcessMemory 或 WriteProcessMemory 请求。 (0x12B)
[0419/101256.413:ERROR:process_info.cc(545)] ReadProcessData failed
[0419/101256.518:ERROR:process_reader_win.cc(242)] ReadMemory at 0x7ffe3293f1e8 of 12 bytes failed: 仅完成部分的 ReadProcessMemory 或 WriteProcessMemory 请求。 (0x12B)
[0419/101256.518:WARNING:process_snapshot_win.cc(69)] ReadMemory ExceptionInformation failed
[0419/101256.518:WARNING:crash_report_exception_handler.cc(62)] ProcessSnapshotWin::Initialize failed
[0420/100759.627:ERROR:process_reader_win.cc(123)] NtOpenThread: {无法访问} 过程已请求访问一对象，但未给访问权限。 (0xc0000022)
[0420/100759.645:ERROR:exception_snapshot_win.cc(88)] thread ID 3268 not found in process
[0420/100759.645:WARNING:crash_report_exception_handler.cc(62)] ProcessSnapshotWin::Initialize failed
[0420/100802.123:ERROR:process_reader_win.cc(123)] NtOpenThread: {无法访问} 过程已请求访问一对象，但未给访问权限。 (0xc0000022)
[0420/100802.123:ERROR:exception_snapshot_win.cc(88)] thread ID 7556 not found in process
[0420/100802.123:WARNING:crash_report_exception_handler.cc(62)] ProcessSnapshotWin::Initialize failed
[0423/192706.122:ERROR:scoped_process_suspend.cc(31)] NtSuspendProcess: 已尝试访问正在退出的过程。 (0xc000010a)
[0423/192711.085:ERROR:process_info.cc(118)] ReadProcessMemory bool __cdecl crashpad::(anonymous namespace)::ReadStruct(HANDLE, crashpad::WinVMAddress, T *) [T = crashpad::process_types::PEB<crashpad::process_types::internal::Traits64>]: 仅完成部分的 ReadProcessMemory 或 WriteProcessMemory 请求。 (0x12B)
[0423/192711.086:ERROR:process_info.cc(545)] ReadProcessData failed
[0423/192711.086:ERROR:process_reader_win.cc(242)] ReadMemory at 0x7ff93039f1e8 of 12 bytes failed: 仅完成部分的 ReadProcessMemory 或 WriteProcessMemory 请求。 (0x12B)
[0423/192711.086:WARNING:process_snapshot_win.cc(69)] ReadMemory ExceptionInformation failed
[0423/192711.086:WARNING:crash_report_exception_handler.cc(62)] ProcessSnapshotWin::Initialize failed
[0424/135619.922:ERROR:process_reader_win.cc(123)] NtOpenThread: {无法访问} 过程已请求访问一对象，但未给访问权限。 (0xc0000022)
[0424/135619.934:ERROR:exception_snapshot_win.cc(88)] thread ID 17088 not found in process
[0424/135619.934:WARNING:crash_report_exception_handler.cc(62)] ProcessSnapshotWin::Initialize failed
[0424/135622.904:ERROR:process_reader_win.cc(123)] NtOpenThread: {无法访问} 过程已请求访问一对象，但未给访问权限。 (0xc0000022)
[0424/135622.904:ERROR:exception_snapshot_win.cc(88)] thread ID 18360 not found in process
[0424/135622.904:WARNING:crash_report_exception_handler.cc(62)] ProcessSnapshotWin::Initialize failed
[0702/095444.453:ERROR:process_reader_win.cc(123)] NtOpenThread: {无法访问} 过程已请求访问一对象，但未给访问权限。 (0xc0000022)
[0702/095444.453:ERROR:process_reader_win.cc(123)] NtOpenThread: {无法访问} 过程已请求访问一对象，但未给访问权限。 (0xc0000022)
[0702/095445.317:ERROR:process_reader_win.cc(151)] SuspendThread: 拒绝访问。 (0x5)
[0702/095445.442:ERROR:exception_snapshot_win.cc(88)] thread ID 11252 not found in process
[0702/095445.442:ERROR:exception_snapshot_win.cc(88)] thread ID 13400 not found in process
[0702/095445.442:ERROR:process_reader_win.cc(123)] NtOpenThread: {无法访问} 过程已请求访问一对象，但未给访问权限。 (0xc0000022)
[0702/095445.442:ERROR:exception_snapshot_win.cc(88)] thread ID 8076 not found in process
[0702/095447.523:ERROR:process_reader_win.cc(123)] NtOpenThread: {无法访问} 过程已请求访问一对象，但未给访问权限。 (0xc0000022)
[0702/095447.524:ERROR:exception_snapshot_win.cc(88)] thread ID 9844 not found in process
[0702/095449.910:ERROR:process_reader_win.cc(123)] NtOpenThread: {无法访问} 过程已请求访问一对象，但未给访问权限。 (0xc0000022)
[0702/095449.910:ERROR:exception_snapshot_win.cc(88)] thread ID 9848 not found in process
[0704/134310.125:ERROR:process_reader_win.cc(123)] NtOpenThread: {无法访问} 过程已请求访问一对象，但未给访问权限。 (0xc0000022)
[0704/134310.138:ERROR:exception_snapshot_win.cc(88)] thread ID 14664 not found in process
[0718/101812.066:ERROR:process_reader_win.cc(123)] NtOpenThread: {无法访问} 过程已请求访问一对象，但未给访问权限。 (0xc0000022)
[0718/101812.111:ERROR:exception_snapshot_win.cc(88)] thread ID 23864 not found in process
[0719/092707.003:ERROR:process_reader_win.cc(123)] NtOpenThread: {无法访问} 过程已请求访问一对象，但未给访问权限。 (0xc0000022)
[0719/092707.227:ERROR:exception_snapshot_win.cc(88)] thread ID 31396 not found in process
[0721/141305.822:ERROR:process_reader_win.cc(123)] NtOpenThread: {无法访问} 过程已请求访问一对象，但未给访问权限。 (0xc0000022)
[0721/141305.884:ERROR:exception_snapshot_win.cc(88)] thread ID 28560 not found in process
[0723/095922.194:ERROR:process_reader_win.cc(123)] NtOpenThread: {无法访问} 过程已请求访问一对象，但未给访问权限。 (0xc0000022)
[0723/095922.285:ERROR:exception_snapshot_win.cc(88)] thread ID 21028 not found in process
[0723/095925.161:ERROR:process_reader_win.cc(123)] NtOpenThread: {无法访问} 过程已请求访问一对象，但未给访问权限。 (0xc0000022)
[0723/095925.162:ERROR:exception_snapshot_win.cc(88)] thread ID 18168 not found in process
[0801/093938.605:ERROR:process_reader_win.cc(123)] NtOpenThread: {无法访问} 过程已请求访问一对象，但未给访问权限。 (0xc0000022)
[0801/093938.658:ERROR:exception_snapshot_win.cc(88)] thread ID 29500 not found in process
[0817/084054.283:ERROR:process_reader_win.cc(123)] NtOpenThread: {无法访问} 过程已请求访问一对象，但未给访问权限。 (0xc0000022)
[0817/084054.320:ERROR:exception_snapshot_win.cc(88)] thread ID 28304 not found in process
[0820/091259.970:ERROR:process_reader_win.cc(123)] NtOpenThread: {无法访问} 过程已请求访问一对象，但未给访问权限。 (0xc0000022)
[0820/091300.226:ERROR:exception_snapshot_win.cc(88)] thread ID 39064 not found in process
[0820/091259.954:ERROR:process_reader_win.cc(123)] NtOpenThread: {无法访问} 过程已请求访问一对象，但未给访问权限。 (0xc0000022)
[0820/091300.226:ERROR:exception_snapshot_win.cc(88)] thread ID 41328 not found in process
[0821/101119.925:ERROR:process_reader_win.cc(123)] NtOpenThread: {无法访问} 过程已请求访问一对象，但未给访问权限。 (0xc0000022)
[0821/101120.022:ERROR:exception_snapshot_win.cc(88)] thread ID 15636 not found in process
[0827/091809.336:ERROR:process_reader_win.cc(123)] NtOpenThread: {无法访问} 过程已请求访问一对象，但未给访问权限。 (0xc0000022)
[0827/091810.430:ERROR:exception_snapshot_win.cc(88)] thread ID 45196 not found in process
[0827/091809.994:ERROR:process_reader_win.cc(123)] NtOpenThread: {无法访问} 过程已请求访问一对象，但未给访问权限。 (0xc0000022)
[0827/091810.430:ERROR:exception_snapshot_win.cc(88)] thread ID 40448 not found in process
[0827/091814.050:ERROR:process_reader_win.cc(123)] NtOpenThread: {无法访问} 过程已请求访问一对象，但未给访问权限。 (0xc0000022)
[0827/091814.050:ERROR:exception_snapshot_win.cc(88)] thread ID 11876 not found in process
[0922/095148.423:ERROR:process_reader_win.cc(123)] NtOpenThread: {无法访问} 过程已请求访问一对象，但未给访问权限。 (0xc0000022)
[0922/095148.446:ERROR:exception_snapshot_win.cc(88)] thread ID 3944 not found in process
[0925/090912.119:ERROR:process_reader_win.cc(123)] NtOpenThread: {无法访问} 过程已请求访问一对象，但未给访问权限。 (0xc0000022)
[0925/090912.147:ERROR:exception_snapshot_win.cc(88)] thread ID 19160 not found in process
[0925/090914.687:ERROR:process_reader_win.cc(123)] NtOpenThread: {无法访问} 过程已请求访问一对象，但未给访问权限。 (0xc0000022)
[0925/090914.687:ERROR:exception_snapshot_win.cc(88)] thread ID 18940 not found in process
[0925/090918.191:ERROR:process_reader_win.cc(123)] NtOpenThread: {无法访问} 过程已请求访问一对象，但未给访问权限。 (0xc0000022)
[0925/090918.192:ERROR:exception_snapshot_win.cc(88)] thread ID 18624 not found in process
[0926/073014.621:ERROR:process_reader_win.cc(123)] NtOpenThread: {无法访问} 过程已请求访问一对象，但未给访问权限。 (0xc0000022)
[0926/073014.663:ERROR:exception_snapshot_win.cc(88)] thread ID 5536 not found in process
[1004/225008.214:ERROR:file_io_win.cc(170)] CreateFile C:\Users\cs\AppData\Local\Temp\scoped_dir22276_26400\Crashpad\reports\9d6ab12f-764b-4862-a80a-517410f2cbad.dmp: 系统找不到指定的路径。 (0x3)
[1004/225008.481:ERROR:crash_report_exception_handler.cc(97)] PrepareNewCrashReport failed
[1008/094110.579:ERROR:process_reader_win.cc(123)] NtOpenThread: {无法访问} 过程已请求访问一对象，但未给访问权限。 (0xc0000022)
[1008/094110.754:ERROR:exception_snapshot_win.cc(88)] thread ID 8364 not found in process
[1008/094120.894:ERROR:process_reader_win.cc(123)] NtOpenThread: {无法访问} 过程已请求访问一对象，但未给访问权限。 (0xc0000022)
[1008/094120.894:ERROR:exception_snapshot_win.cc(88)] thread ID 4272 not found in process
[1008/094122.046:ERROR:process_reader_win.cc(123)] NtOpenThread: {无法访问} 过程已请求访问一对象，但未给访问权限。 (0xc0000022)
[1008/094122.047:ERROR:exception_snapshot_win.cc(88)] thread ID 26748 not found in process
[1008/094126.992:ERROR:process_reader_win.cc(123)] NtOpenThread: {无法访问} 过程已请求访问一对象，但未给访问权限。 (0xc0000022)
[1008/094126.992:ERROR:exception_snapshot_win.cc(88)] thread ID 14588 not found in process
[1012/081645.876:ERROR:process_reader_win.cc(123)] NtOpenThread: {无法访问} 过程已请求访问一对象，但未给访问权限。 (0xc0000022)
[1012/081645.907:ERROR:exception_snapshot_win.cc(88)] thread ID 24800 not found in process
[1013/085731.164:ERROR:process_reader_win.cc(123)] NtOpenThread: {无法访问} 过程已请求访问一对象，但未给访问权限。 (0xc0000022)
[1013/085731.259:ERROR:exception_snapshot_win.cc(88)] thread ID 10548 not found in process
[1015/090806.312:ERROR:process_reader_win.cc(123)] NtOpenThread: {无法访问} 过程已请求访问一对象，但未给访问权限。 (0xc0000022)
[1015/090806.345:ERROR:exception_snapshot_win.cc(88)] thread ID 23600 not found in process
[1015/090824.301:ERROR:process_reader_win.cc(123)] NtOpenThread: {无法访问} 过程已请求访问一对象，但未给访问权限。 (0xc0000022)
[1015/090824.338:ERROR:exception_snapshot_win.cc(88)] thread ID 30160 not found in process
[1017/084533.950:ERROR:process_reader_win.cc(123)] NtOpenThread: {无法访问} 过程已请求访问一对象，但未给访问权限。 (0xc0000022)
[1017/084533.983:ERROR:exception_snapshot_win.cc(88)] thread ID 27500 not found in process
[1018/100615.389:ERROR:process_reader_win.cc(123)] NtOpenThread: {无法访问} 过程已请求访问一对象，但未给访问权限。 (0xc0000022)
[1018/100615.417:ERROR:exception_snapshot_win.cc(88)] thread ID 19168 not found in process
[1022/091254.905:ERROR:process_reader_win.cc(123)] NtOpenThread: {无法访问} 过程已请求访问一对象，但未给访问权限。 (0xc0000022)
[1022/091255.014:ERROR:exception_snapshot_win.cc(88)] thread ID 17572 not found in process
[1022/091257.928:ERROR:process_reader_win.cc(123)] NtOpenThread: {无法访问} 过程已请求访问一对象，但未给访问权限。 (0xc0000022)
[1022/091257.960:ERROR:exception_snapshot_win.cc(88)] thread ID 39088 not found in process
[1022/091259.447:ERROR:process_reader_win.cc(123)] NtOpenThread: {无法访问} 过程已请求访问一对象，但未给访问权限。 (0xc0000022)
[1022/091259.448:ERROR:exception_snapshot_win.cc(88)] thread ID 15636 not found in process
[1022/095713.700:ERROR:process_reader_win.cc(123)] NtOpenThread: {无法访问} 过程已请求访问一对象，但未给访问权限。 (0xc0000022)
[1022/095713.734:ERROR:exception_snapshot_win.cc(88)] thread ID 29432 not found in process
[1029/092510.544:ERROR:process_reader_win.cc(123)] NtOpenThread: {无法访问} 过程已请求访问一对象，但未给访问权限。 (0xc0000022)
[1029/092510.575:ERROR:exception_snapshot_win.cc(88)] thread ID 23404 not found in process
[1029/092550.961:ERROR:process_reader_win.cc(123)] NtOpenThread: {无法访问} 过程已请求访问一对象，但未给访问权限。 (0xc0000022)
[1029/092550.967:ERROR:exception_snapshot_win.cc(88)] thread ID 24760 not found in process
[1029/092550.981:ERROR:process_reader_win.cc(123)] NtOpenThread: {无法访问} 过程已请求访问一对象，但未给访问权限。 (0xc0000022)
[1029/092550.997:ERROR:exception_snapshot_win.cc(88)] thread ID 26244 not found in process
